#
# There is insufficient memory for the Java Runtime Environment to continue.
# Native memory allocation (mmap) failed to map 50331648 bytes for committing reserved memory.
# Possible reasons:
#   The system is out of physical RAM or swap space
#   In 32 bit mode, the process size limit was hit
# Possible solutions:
#   Reduce memory load on the system
#   Increase physical memory or swap space
#   Check if swap backing store is full
#   Use 64 bit Java on a 64 bit OS
#   Decrease Java heap size (-Xmx/-Xms)
#   Decrease number of Java threads
#   Decrease Java thread stack sizes (-Xss)
#   Set larger code cache with -XX:ReservedCodeCacheSize=
# This output file may be truncated or incomplete.
#
#  Out of Memory Error (os_linux.cpp:2640), pid=5280, tid=0x00007ff739dfd700
#
# JRE version: OpenJDK Runtime Environment (8.0_152-b01) (build 1.8.0_152-release-915-b01)
# Java VM: OpenJDK 64-Bit Server VM (25.152-b01 mixed mode linux-amd64 compressed oops)
# Failed to write core dump. Core dumps have been disabled. To enable core dumping, try "ulimit -c unlimited" before starting Java again
#

---------------  T H R E A D  ---------------

Current thread (0x00007ff74c078000):  VMThread [stack: 0x00007ff739cfd000,0x00007ff739dfe000] [id=5294]

Stack: [0x00007ff739cfd000,0x00007ff739dfe000],  sp=0x00007ff739dfc4c0,  free space=1021k
Native frames: (J=compiled Java code, j=interpreted, Vv=VM code, C=native code)
V  [libjvm.so+0x9eb15d]  VMError::report_and_die()+0x15d
V  [libjvm.so+0x4b8eaa]  report_vm_out_of_memory(char const*, int, unsigned long, VMErrorType, char const*)+0x8a
V  [libjvm.so+0x851370]  os::pd_commit_memory(char*, unsigned long, unsigned long, bool)+0xf0
V  [libjvm.so+0x84be8f]  os::commit_memory(char*, unsigned long, unsigned long, bool)+0x1f
V  [libjvm.so+0x8c261b]  PSVirtualSpace::expand_by(unsigned long)+0x5b
V  [libjvm.so+0x8c3290]  PSYoungGen::resize_generation(unsigned long, unsigned long)+0xb0
V  [libjvm.so+0x8c35ab]  PSYoungGen::resize(unsigned long, unsigned long)+0x1b
V  [libjvm.so+0x8bfc9c]  PSScavenge::invoke_no_policy()+0xdac
V  [libjvm.so+0x8c0478]  PSScavenge::invoke()+0x38
V  [libjvm.so+0x8748f3]  ParallelScavengeHeap::failed_mem_allocate(unsigned long)+0x63
V  [libjvm.so+0x9ecc84]  VM_ParallelGCFailedAllocation::doit()+0x84
V  [libjvm.so+0x9f1197]  VM_Operation::evaluate()+0x47
V  [libjvm.so+0x9efb78]  VMThread::evaluate_operation(VM_Operation*)+0x2c8
V  [libjvm.so+0x9efff9]  VMThread::loop()+0x219
V  [libjvm.so+0x9f0442]  VMThread::run()+0x72
V  [libjvm.so+0x84e792]  java_start(Thread*)+0xf2

VM_Operation (0x00007ff7006e6dd0): ParallelGCFailedAllocation, mode: safepoint, requested by thread 0x00007ff6f8008000


---------------  P R O C E S S  ---------------

Java Threads: ( => current thread )
  0x00007ff6e4bff800 JavaThread "Memory manager" [_thread_blocked, id=5372, stack(0x00007ff6d9ce1000,0x00007ff6d9de2000)]
  0x00007ff6e42ef000 JavaThread "build operations Thread 4" [_thread_blocked, id=5371, stack(0x00007ff6da78a000,0x00007ff6da88b000)]
  0x00007ff6e42ed000 JavaThread "build operations Thread 3" [_thread_blocked, id=5370, stack(0x00007ff6da88b000,0x00007ff6da98c000)]
  0x00007ff6e42eb800 JavaThread "build operations Thread 2" [_thread_blocked, id=5369, stack(0x00007ff6da98c000,0x00007ff6daa8d000)]
  0x00007ff6e42ea800 JavaThread "build operations" [_thread_blocked, id=5368, stack(0x00007ff6daa8d000,0x00007ff6dab8e000)]
  0x00007ff6e4627000 JavaThread "Cache worker for Artifact transforms cache (/home/archit/.gradle/caches/transforms-1)" [_thread_blocked, id=5367, stack(0x00007ff6db5fe000,0x00007ff6db6ff000)]
  0x00007ff6e412a800 JavaThread "Cache worker for file hash cache (/home/archit/AndroidStudioProjects/DoctorOnTheGo/.gradle/4.1/fileHashes)" [_thread_blocked, id=5353, stack(0x00007ff7003ed000,0x00007ff7004ee000)]
  0x00007ff6e410c800 JavaThread "File lock request listener" [_thread_in_native, id=5351, stack(0x00007ff6dbeff000,0x00007ff6dc000000)]
  0x00007ff6e4114000 JavaThread "Cache worker for file hash cache (/home/archit/.gradle/caches/4.1/fileHashes)" [_thread_blocked, id=5342, stack(0x00007ff7000ec000,0x00007ff7001ed000)]
  0x00007ff6e400d000 JavaThread "Asynchronous log dispatcher for DefaultDaemonConnection: socket connection from /127.0.0.1:44175 to /127.0.0.1:42134" [_thread_blocked, id=5330, stack(0x00007ff7004ee000,0x00007ff7005ef000)]
  0x00007ff6f8008000 JavaThread "Daemon worker" [_thread_blocked, id=5326, stack(0x00007ff7005ef000,0x00007ff7006f0000)]
  0x00007ff6f8006800 JavaThread "Cancel handler" [_thread_blocked, id=5325, stack(0x00007ff7006f0000,0x00007ff7007f1000)]
  0x00007ff6f8001800 JavaThread "Handler for socket connection from /127.0.0.1:44175 to /127.0.0.1:42134" [_thread_in_native, id=5324, stack(0x00007ff7007f1000,0x00007ff7008f2000)]
  0x00007ff6fc040800 JavaThread "Daemon" [_thread_blocked, id=5323, stack(0x00007ff7008f2000,0x00007ff7009f3000)]
  0x00007ff74cc58000 JavaThread "Daemon periodic checks" [_thread_blocked, id=5322, stack(0x00007ff7009f3000,0x00007ff700af4000)]
  0x00007ff74cc3e800 JavaThread "Incoming local TCP Connector on port 44175" [_thread_in_native, id=5321, stack(0x00007ff700af4000,0x00007ff700bf5000)]
  0x00007ff74c0c0000 JavaThread "Service Thread" daemon [_thread_blocked, id=5304, stack(0x00007ff73931e000,0x00007ff73941f000)]
  0x00007ff74c0bd000 JavaThread "C1 CompilerThread2" daemon [_thread_blocked, id=5303, stack(0x00007ff73941f000,0x00007ff739520000)]
  0x00007ff74c0bb800 JavaThread "C2 CompilerThread1" daemon [_thread_blocked, id=5302, stack(0x00007ff739520000,0x00007ff739621000)]
  0x00007ff74c0b8800 JavaThread "C2 CompilerThread0" daemon [_thread_blocked, id=5301, stack(0x00007ff739621000,0x00007ff739722000)]
  0x00007ff74c0b7000 JavaThread "Signal Dispatcher" daemon [_thread_blocked, id=5300, stack(0x00007ff739722000,0x00007ff739823000)]
  0x00007ff74c084800 JavaThread "Finalizer" daemon [_thread_blocked, id=5296, stack(0x00007ff739afb000,0x00007ff739bfc000)]
  0x00007ff74c080000 JavaThread "Reference Handler" daemon [_thread_blocked, id=5295, stack(0x00007ff739bfc000,0x00007ff739cfd000)]
  0x00007ff74c00a800 JavaThread "main" [_thread_blocked, id=5285, stack(0x00007ff7555e4000,0x00007ff7556e5000)]

Other Threads:
=>0x00007ff74c078000 VMThread [stack: 0x00007ff739cfd000,0x00007ff739dfe000] [id=5294]
  0x00007ff74c0c2000 WatcherThread [stack: 0x00007ff73921d000,0x00007ff73931e000] [id=5305]

VM state:at safepoint (normal execution)

VM Mutex/Monitor currently owned by a thread:  ([mutex/lock_event])
[0x00007ff74c006eb0] Threads_lock - owner thread: 0x00007ff74c078000
[0x00007ff74c0073b0] Heap_lock - owner thread: 0x00007ff6f8008000

Heap:
 PSYoungGen      total 121856K, used 9130K [0x00000000e0000000, 0x00000000e8500000, 0x0000000100000000)
  eden space 109568K, 0% used [0x00000000e0000000,0x00000000e0000000,0x00000000e6b00000)
  from space 12288K, 74% used [0x00000000e7900000,0x00000000e81eab50,0x00000000e8500000)
  to   space 11776K, 0% used [0x00000000e6d80000,0x00000000e6d80000,0x00000000e7900000)
 ParOldGen       total 67072K, used 24637K [0x00000000a0000000, 0x00000000a4180000, 0x00000000e0000000)
  object space 67072K, 36% used [0x00000000a0000000,0x00000000a180f6c0,0x00000000a4180000)
 Metaspace       used 53058K, capacity 54648K, committed 55000K, reserved 1097728K
  class space    used 7077K, capacity 7558K, committed 7680K, reserved 1048576K

Card table byte_map: [0x00007ff75216b000,0x00007ff75246c000] byte_map_base: 0x00007ff751c6b000

Marking Bits: (ParMarkBitMap*) 0x00007ff754aaf3e0
 Begin Bits: [0x00007ff73a000000, 0x00007ff73b800000)
 End Bits:   [0x00007ff73b800000, 0x00007ff73d000000)

Polling page: 0x00007ff755702000

CodeCache: size=245760Kb used=17554Kb max_used=17554Kb free=228205Kb
 bounds [0x00007ff73d000000, 0x00007ff73e140000, 0x00007ff74c000000]
 total_blobs=5955 nmethods=5191 adapters=677
 compilation: enabled

Compilation events (10 events):
Event: 376.020 Thread 0x00007ff74c0bd000 6164       3       java.util.Collections::sort (8 bytes)
Event: 376.021 Thread 0x00007ff74c0bd000 nmethod 6164 0x00007ff73e06c350 code [0x00007ff73e06c4c0, 0x00007ff73e06c6c8]
Event: 376.271 Thread 0x00007ff74c0bd000 6165       3       org.gradle.api.internal.AbstractClassGenerator::inspectType (524 bytes)
Event: 376.271 Thread 0x00007ff74c0b8800 6166       4       java.util.TreeMap$PrivateEntryIterator::nextEntry (54 bytes)
Event: 376.608 Thread 0x00007ff74c0bd000 nmethod 6165 0x00007ff73e12ded0 code [0x00007ff73e12e700, 0x00007ff73e1348f8]
Event: 376.608 Thread 0x00007ff74c0bd000 6167       3       org.gradle.api.internal.project.taskfactory.DefaultTaskClassValidatorExtractor$2::visitType (236 bytes)
Event: 377.371 Thread 0x00007ff74c0bd000 nmethod 6167 0x00007ff73e137ed0 code [0x00007ff73e138280, 0x00007ff73e13a268]
Event: 377.371 Thread 0x00007ff74c0bd000 6168       3       org.gradle.api.internal.project.taskfactory.DefaultTaskClassValidatorExtractor::access$200 (5 bytes)
Event: 377.371 Thread 0x00007ff74c0bd000 nmethod 6168 0x00007ff73e06bfd0 code [0x00007ff73e06c140, 0x00007ff73e06c2a8]
Event: 377.695 Thread 0x00007ff74c0bd000 6169   !   3       sun.nio.ch.FileChannelImpl::tryLock (238 bytes)

GC Heap History (10 events):
Event: 167.922 GC heap after
Heap after GC invocations=9 (full 1):
 PSYoungGen      total 72192K, used 10949K [0x00000000e0000000, 0x00000000e8f80000, 0x0000000100000000)
  eden space 60928K, 0% used [0x00000000e0000000,0x00000000e0000000,0x00000000e3b80000)
  from space 11264K, 97% used [0x00000000e8480000,0x00000000e8f316e0,0x00000000e8f80000)
  to   space 12800K, 0% used [0x00000000e7680000,0x00000000e7680000,0x00000000e8300000)
 ParOldGen       total 44032K, used 6400K [0x00000000a0000000, 0x00000000a2b00000, 0x00000000e0000000)
  object space 44032K, 14% used [0x00000000a0000000,0x00000000a0640158,0x00000000a2b00000)
 Metaspace       used 33604K, capacity 34214K, committed 34560K, reserved 1079296K
  class space    used 4561K, capacity 4811K, committed 4864K, reserved 1048576K
}
Event: 172.397 GC heap before
{Heap before GC invocations=10 (full 1):
 PSYoungGen      total 72192K, used 57066K [0x00000000e0000000, 0x00000000e8f80000, 0x0000000100000000)
  eden space 60928K, 75% used [0x00000000e0000000,0x00000000e2d09288,0x00000000e3b80000)
  from space 11264K, 97% used [0x00000000e8480000,0x00000000e8f316e0,0x00000000e8f80000)
  to   space 12800K, 0% used [0x00000000e7680000,0x00000000e7680000,0x00000000e8300000)
 ParOldGen       total 44032K, used 6400K [0x00000000a0000000, 0x00000000a2b00000, 0x00000000e0000000)
  object space 44032K, 14% used [0x00000000a0000000,0x00000000a0640158,0x00000000a2b00000)
 Metaspace       used 34641K, capacity 35284K, committed 35416K, reserved 1079296K
  class space    used 4682K, capacity 4932K, committed 4992K, reserved 1048576K
Event: 172.417 GC heap after
Heap after GC invocations=10 (full 1):
 PSYoungGen      total 67072K, used 7611K [0x00000000e0000000, 0x00000000e8500000, 0x0000000100000000)
  eden space 59392K, 0% used [0x00000000e0000000,0x00000000e0000000,0x00000000e3a00000)
  from space 7680K, 99% used [0x00000000e7680000,0x00000000e7deed80,0x00000000e7e00000)
  to   space 7168K, 0% used [0x00000000e7e00000,0x00000000e7e00000,0x00000000e8500000)
 ParOldGen       total 44032K, used 8031K [0x00000000a0000000, 0x00000000a2b00000, 0x00000000e0000000)
  object space 44032K, 18% used [0x00000000a0000000,0x00000000a07d7c20,0x00000000a2b00000)
 Metaspace       used 34641K, capacity 35284K, committed 35416K, reserved 1079296K
  class space    used 4682K, capacity 4932K, committed 4992K, reserved 1048576K
}
Event: 172.417 GC heap before
{Heap before GC invocations=11 (full 2):
 PSYoungGen      total 67072K, used 7611K [0x00000000e0000000, 0x00000000e8500000, 0x0000000100000000)
  eden space 59392K, 0% used [0x00000000e0000000,0x00000000e0000000,0x00000000e3a00000)
  from space 7680K, 99% used [0x00000000e7680000,0x00000000e7deed80,0x00000000e7e00000)
  to   space 7168K, 0% used [0x00000000e7e00000,0x00000000e7e00000,0x00000000e8500000)
 ParOldGen       total 44032K, used 8031K [0x00000000a0000000, 0x00000000a2b00000, 0x00000000e0000000)
  object space 44032K, 18% used [0x00000000a0000000,0x00000000a07d7c20,0x00000000a2b00000)
 Metaspace       used 34641K, capacity 35284K, committed 35416K, reserved 1079296K
  class space    used 4682K, capacity 4932K, committed 4992K, reserved 1048576K
Event: 172.598 GC heap after
Heap after GC invocations=11 (full 2):
 PSYoungGen      total 67072K, used 0K [0x00000000e0000000, 0x00000000e8500000, 0x0000000100000000)
  eden space 59392K, 0% used [0x00000000e0000000,0x00000000e0000000,0x00000000e3a00000)
  from space 7680K, 0% used [0x00000000e7680000,0x00000000e7680000,0x00000000e7e00000)
  to   space 7168K, 0% used [0x00000000e7e00000,0x00000000e7e00000,0x00000000e8500000)
 ParOldGen       total 67072K, used 15289K [0x00000000a0000000, 0x00000000a4180000, 0x00000000e0000000)
  object space 67072K, 22% used [0x00000000a0000000,0x00000000a0eee7d8,0x00000000a4180000)
 Metaspace       used 34584K, capacity 35160K, committed 35416K, reserved 1079296K
  class space    used 4664K, capacity 4912K, committed 4992K, reserved 1048576K
}
Event: 179.462 GC heap before
{Heap before GC invocations=12 (full 2):
 PSYoungGen      total 67072K, used 59392K [0x00000000e0000000, 0x00000000e8500000, 0x0000000100000000)
  eden space 59392K, 100% used [0x00000000e0000000,0x00000000e3a00000,0x00000000e3a00000)
  from space 7680K, 0% used [0x00000000e7680000,0x00000000e7680000,0x00000000e7e00000)
  to   space 7168K, 0% used [0x00000000e7e00000,0x00000000e7e00000,0x00000000e8500000)
 ParOldGen       total 67072K, used 15289K [0x00000000a0000000, 0x00000000a4180000, 0x00000000e0000000)
  object space 67072K, 22% used [0x00000000a0000000,0x00000000a0eee7d8,0x00000000a4180000)
 Metaspace       used 40952K, capacity 41670K, committed 42072K, reserved 1085440K
  class space    used 5461K, capacity 5748K, committed 5760K, reserved 1048576K
Event: 179.473 GC heap after
Heap after GC invocations=12 (full 2):
 PSYoungGen      total 84480K, used 6467K [0x00000000e0000000, 0x00000000e8480000, 0x0000000100000000)
  eden space 77824K, 0% used [0x00000000e0000000,0x00000000e0000000,0x00000000e4c00000)
  from space 6656K, 97% used [0x00000000e7e00000,0x00000000e8450ea8,0x00000000e8480000)
  to   space 11776K, 0% used [0x00000000e6d80000,0x00000000e6d80000,0x00000000e7900000)
 ParOldGen       total 67072K, used 15297K [0x00000000a0000000, 0x00000000a4180000, 0x00000000e0000000)
  object space 67072K, 22% used [0x00000000a0000000,0x00000000a0ef07d8,0x00000000a4180000)
 Metaspace       used 40952K, capacity 41670K, committed 42072K, reserved 1085440K
  class space    used 5461K, capacity 5748K, committed 5760K, reserved 1048576K
}
Event: 182.386 GC heap before
{Heap before GC invocations=13 (full 2):
 PSYoungGen      total 84480K, used 84291K [0x00000000e0000000, 0x00000000e8480000, 0x0000000100000000)
  eden space 77824K, 100% used [0x00000000e0000000,0x00000000e4c00000,0x00000000e4c00000)
  from space 6656K, 97% used [0x00000000e7e00000,0x00000000e8450ea8,0x00000000e8480000)
  to   space 11776K, 0% used [0x00000000e6d80000,0x00000000e6d80000,0x00000000e7900000)
 ParOldGen       total 67072K, used 15297K [0x00000000a0000000, 0x00000000a4180000, 0x00000000e0000000)
  object space 67072K, 22% used [0x00000000a0000000,0x00000000a0ef07d8,0x00000000a4180000)
 Metaspace       used 44700K, capacity 45570K, committed 46040K, reserved 1089536K
  class space    used 5933K, capacity 6287K, committed 6400K, reserved 1048576K
Event: 182.517 GC heap after
Heap after GC invocations=13 (full 2):
 PSYoungGen      total 121344K, used 11672K [0x00000000e0000000, 0x00000000e8500000, 0x0000000100000000)
  eden space 109568K, 0% used [0x00000000e0000000,0x00000000e0000000,0x00000000e6b00000)
  from space 11776K, 99% used [0x00000000e6d80000,0x00000000e78e6380,0x00000000e7900000)
  to   space 12288K, 0% used [0x00000000e7900000,0x00000000e7900000,0x00000000e8500000)
 ParOldGen       total 67072K, used 15305K [0x00000000a0000000, 0x00000000a4180000, 0x00000000e0000000)
  object space 67072K, 22% used [0x00000000a0000000,0x00000000a0ef27d8,0x00000000a4180000)
 Metaspace       used 44700K, capacity 45570K, committed 46040K, reserved 1089536K
  class space    used 5933K, capacity 6287K, committed 6400K, reserved 1048576K
}
Event: 378.040 GC heap before
{Heap before GC invocations=14 (full 2):
 PSYoungGen      total 121344K, used 121240K [0x00000000e0000000, 0x00000000e8500000, 0x0000000100000000)
  eden space 109568K, 100% used [0x00000000e0000000,0x00000000e6b00000,0x00000000e6b00000)
  from space 11776K, 99% used [0x00000000e6d80000,0x00000000e78e6380,0x00000000e7900000)
  to   space 12288K, 0% used [0x00000000e7900000,0x00000000e7900000,0x00000000e8500000)
 ParOldGen       total 67072K, used 15305K [0x00000000a0000000, 0x00000000a4180000, 0x00000000e0000000)
  object space 67072K, 22% used [0x00000000a0000000,0x00000000a0ef27d8,0x00000000a4180000)
 Metaspace       used 53058K, capacity 54648K, committed 55000K, reserved 1097728K
  class space    used 7077K, capacity 7558K, committed 7680K, reserved 1048576K

Deoptimization events (10 events):
Event: 242.980 Thread 0x00007ff6f8008000 Uncommon trap: reason=unstable_if action=reinterpret pc=0x00007ff73dc93b78 method=java.util.regex.Matcher.find()Z @ 10
Event: 243.264 Thread 0x00007ff6f8008000 Uncommon trap: reason=unstable_if action=reinterpret pc=0x00007ff73db22a1c method=java.lang.CharacterDataLatin1.digit(II)I @ 31
Event: 244.017 Thread 0x00007ff6f8008000 Uncommon trap: reason=unstable_if action=reinterpret pc=0x00007ff73da67e68 method=java.lang.CharacterDataLatin1.digit(II)I @ 31
Event: 244.019 Thread 0x00007ff6f8008000 Uncommon trap: reason=bimorphic action=maybe_recompile pc=0x00007ff73d1beb04 method=com.sun.org.apache.xerces.internal.impl.XMLDocumentFragmentScannerImpl.scanDocument(Z)Z @ 333
Event: 244.307 Thread 0x00007ff6f8008000 Uncommon trap: reason=bimorphic action=maybe_recompile pc=0x00007ff73d1beb04 method=com.sun.org.apache.xerces.internal.impl.XMLDocumentFragmentScannerImpl.scanDocument(Z)Z @ 333
Event: 244.493 Thread 0x00007ff6f8008000 Uncommon trap: reason=bimorphic action=maybe_recompile pc=0x00007ff73d1beb04 method=com.sun.org.apache.xerces.internal.impl.XMLDocumentFragmentScannerImpl.scanDocument(Z)Z @ 333
Event: 244.545 Thread 0x00007ff6f8008000 Uncommon trap: reason=bimorphic action=maybe_recompile pc=0x00007ff73d1beb04 method=com.sun.org.apache.xerces.internal.impl.XMLDocumentFragmentScannerImpl.scanDocument(Z)Z @ 333
Event: 254.697 Thread 0x00007ff6f8008000 Uncommon trap: reason=predicate action=maybe_recompile pc=0x00007ff73dcb7da8 method=com.sun.org.apache.xerces.internal.impl.XMLDocumentFragmentScannerImpl.scanDocument(Z)Z @ 13
Event: 339.121 Thread 0x00007ff6f8008000 Uncommon trap: reason=unstable_if action=reinterpret pc=0x00007ff73d81782c method=org.objectweb.asm.ByteVector.putUTF8(Ljava/lang/String;)Lorg/objectweb/asm/ByteVector; @ 91
Event: 343.057 Thread 0x00007ff6f8008000 Uncommon trap: reason=unstable_if action=reinterpret pc=0x00007ff73d6f255c method=java.lang.String.lastIndexOf([CII[CIII)I @ 118

Classes redefined (0 events):
No events

Internal exceptions (10 events):
Event: 327.806 Thread 0x00007ff6e4bff800 Exception <a 'java/io/IOException'> (0x00000000e59a20b8) thrown at [/ssd/Android/AOSP-openjdk-git/jdk8u/hotspot/src/share/vm/prims/jni.cpp, line 709]
Event: 336.672 Thread 0x00007ff6e4bff800 Exception <a 'java/io/IOException'> (0x00000000e59aa960) thrown at [/ssd/Android/AOSP-openjdk-git/jdk8u/hotspot/src/share/vm/prims/jni.cpp, line 709]
Event: 337.806 Thread 0x00007ff6e4bff800 Exception <a 'java/io/IOException'> (0x00000000e59b3208) thrown at [/ssd/Android/AOSP-openjdk-git/jdk8u/hotspot/src/share/vm/prims/jni.cpp, line 709]
Event: 342.806 Thread 0x00007ff6e4bff800 Exception <a 'java/io/IOException'> (0x00000000e59bbab0) thrown at [/ssd/Android/AOSP-openjdk-git/jdk8u/hotspot/src/share/vm/prims/jni.cpp, line 709]
Event: 347.809 Thread 0x00007ff6e4bff800 Exception <a 'java/io/IOException'> (0x00000000e59c4358) thrown at [/ssd/Android/AOSP-openjdk-git/jdk8u/hotspot/src/share/vm/prims/jni.cpp, line 709]
Event: 352.806 Thread 0x00007ff6e4bff800 Exception <a 'java/io/IOException'> (0x00000000e6005b70) thrown at [/ssd/Android/AOSP-openjdk-git/jdk8u/hotspot/src/share/vm/prims/jni.cpp, line 709]
Event: 358.084 Thread 0x00007ff6e4bff800 Exception <a 'java/io/IOException'> (0x00000000e600e370) thrown at [/ssd/Android/AOSP-openjdk-git/jdk8u/hotspot/src/share/vm/prims/jni.cpp, line 709]
Event: 362.843 Thread 0x00007ff6e4bff800 Exception <a 'java/io/IOException'> (0x00000000e6016b70) thrown at [/ssd/Android/AOSP-openjdk-git/jdk8u/hotspot/src/share/vm/prims/jni.cpp, line 709]
Event: 368.274 Thread 0x00007ff6e4bff800 Exception <a 'java/io/IOException'> (0x00000000e601f370) thrown at [/ssd/Android/AOSP-openjdk-git/jdk8u/hotspot/src/share/vm/prims/jni.cpp, line 709]
Event: 372.806 Thread 0x00007ff6e4bff800 Exception <a 'java/io/IOException'> (0x00000000e6027b70) thrown at [/ssd/Android/AOSP-openjdk-git/jdk8u/hotspot/src/share/vm/prims/jni.cpp, line 709]

Events (10 events):
Event: 377.112 loading class com/android/build/gradle/tasks/factory/JavaCompileConfigAction done
Event: 377.357 loading class com/android/build/gradle/tasks/factory/AndroidJavaCompile
Event: 377.357 loading class com/android/build/gradle/tasks/factory/AndroidJavaCompile done
Event: 377.358 loading class org/gradle/api/tasks/compile/AbstractCompile
Event: 377.358 loading class org/gradle/api/tasks/compile/AbstractCompile done
Event: 377.359 loading class org/gradle/api/internal/tasks/compile/incremental/cache/CompileCaches
Event: 377.359 loading class org/gradle/api/internal/tasks/compile/incremental/cache/CompileCaches done
Event: 377.612 loading class org/gradle/language/base/internal/compile/CompileSpec
Event: 377.612 loading class org/gradle/language/base/internal/compile/CompileSpec done
Event: 377.711 Executing VM operation: ParallelGCFailedAllocation


Dynamic libraries:
00400000-00401000 r-xp 00000000 08:09 1980702                            /usr/local/android-studio/jre/bin/java
00600000-00601000 r--p 00000000 08:09 1980702                            /usr/local/android-studio/jre/bin/java
00601000-00602000 rw-p 00001000 08:09 1980702                            /usr/local/android-studio/jre/bin/java
00613000-00634000 rw-p 00000000 00:00 0                                  [heap]
a0000000-a4180000 rw-p 00000000 00:00 0 
a4180000-e0000000 ---p 00000000 00:00 0 
e0000000-e8500000 rw-p 00000000 00:00 0 
eb500000-100000000 ---p 00000000 00:00 0 
100000000-100780000 rw-p 00000000 00:00 0 
100780000-140000000 ---p 00000000 00:00 0 
7ff6bc000000-7ff6bc021000 rw-p 00000000 00:00 0 
7ff6bc021000-7ff6c0000000 ---p 00000000 00:00 0 
7ff6c0000000-7ff6c0021000 rw-p 00000000 00:00 0 
7ff6c0021000-7ff6c4000000 ---p 00000000 00:00 0 
7ff6c4000000-7ff6c4021000 rw-p 00000000 00:00 0 
7ff6c4021000-7ff6c8000000 ---p 00000000 00:00 0 
7ff6c8000000-7ff6c8021000 rw-p 00000000 00:00 0 
7ff6c8021000-7ff6cc000000 ---p 00000000 00:00 0 
7ff6cc000000-7ff6cc021000 rw-p 00000000 00:00 0 
7ff6cc021000-7ff6d0000000 ---p 00000000 00:00 0 
7ff6d0000000-7ff6d0021000 rw-p 00000000 00:00 0 
7ff6d0021000-7ff6d4000000 ---p 00000000 00:00 0 
7ff6d4000000-7ff6d4021000 rw-p 00000000 00:00 0 
7ff6d4021000-7ff6d8000000 ---p 00000000 00:00 0 
7ff6d90cc000-7ff6d910c000 rw-p 00000000 00:00 0 
7ff6d910c000-7ff6d92cc000 ---p 00000000 00:00 0 
7ff6d92cc000-7ff6d94cc000 rw-p 00000000 00:00 0 
7ff6d94cc000-7ff6d96cc000 rw-p 00000000 00:00 0 
7ff6d96cc000-7ff6d96de000 r--s 00345000 08:09 1980725                    /usr/local/android-studio/jre/jre/lib/resources.jar
7ff6d96de000-7ff6d98de000 rw-p 00000000 00:00 0 
7ff6d98de000-7ff6d9ade000 rw-p 00000000 00:00 0 
7ff6d9ade000-7ff6d9ae1000 r--s 00015000 08:09 1980825                    /usr/local/android-studio/jre/jre/lib/jce.jar
7ff6d9ae1000-7ff6d9ce1000 rw-p 00000000 00:00 0 
7ff6d9ce1000-7ff6d9ce4000 ---p 00000000 00:00 0 
7ff6d9ce4000-7ff6d9fe2000 rw-p 00000000 00:00 0 
7ff6d9fe2000-7ff6da1e2000 rw-p 00000000 00:00 0 
7ff6da1e2000-7ff6da3e2000 rw-p 00000000 00:00 0 
7ff6da3e2000-7ff6da3ed000 r--s 00081000 08:09 1586650                    /home/archit/.gradle/caches/jars-3/fc6e889a0f45cc9752787eb60f920103/trove4j-20160824.jar
7ff6da3ed000-7ff6da470000 r--s 00758000 08:09 1586648                    /home/archit/.gradle/caches/jars-3/0d3de44a8474017418d71d8887a5e944/intellij-core-26.0.0.jar
7ff6da470000-7ff6da476000 r--s 00033000 08:09 1586646                    /home/archit/.gradle/caches/jars-3/f96c897d327ea500d64fe3af2833bd50/commons-codec-1.6.jar
7ff6da476000-7ff6da478000 r--s 0000d000 08:09 1580466                    /home/archit/.gradle/caches/jars-3/ccc849edcf9fccd61ed937bf93ffe896/commons-logging-1.1.1.jar
7ff6da478000-7ff6da47e000 r--s 00032000 08:09 1586644                    /home/archit/.gradle/caches/jars-3/72e344059d1923829968d0d38b0c3c72/httpcore-4.2.5.jar
7ff6da47e000-7ff6da47f000 r--s 00004000 08:09 1580462                    /home/archit/.gradle/caches/jars-3/3a4299d1ce3e273e7c03a9ccf5a1e333/annotations-12.0.jar
7ff6da47f000-7ff6da480000 r--s 00000000 08:09 1586642                    /home/archit/.gradle/caches/jars-3/0e2fbc3b8c56d2975eca90c524790c13/animal-sniffer-annotations-1.14.jar
7ff6da480000-7ff6da482000 r--s 00001000 08:09 1586640                    /home/archit/.gradle/caches/jars-3/ad41f8f3ac67c0323ce9eb1c20c8dc3f/j2objc-annotations-1.1.jar
7ff6da482000-7ff6da483000 r--s 00002000 08:09 1586638                    /home/archit/.gradle/caches/jars-3/9edb0f46b907c34c4718edabde6c791c/error_prone_annotations-2.0.18.jar
7ff6da483000-7ff6da486000 r--s 00006000 08:09 1586636                    /home/archit/.gradle/caches/jars-3/b58a9bc3bbba42132e4abc0bacae8da1/jsr305-1.3.9.jar
7ff6da486000-7ff6da487000 r--s 0000a000 08:09 1580460                    /home/archit/.gradle/caches/jars-3/5b8b36ed61fe92731031cca3c9b3a0b3/kxml2-2.3.0.jar
7ff6da487000-7ff6da489000 r--s 00005000 08:09 1580458                    /home/archit/.gradle/caches/jars-3/f10e1e1978816198f2eb1189c974b440/httpmime-4.1.jar
7ff6da489000-7ff6da493000 r--s 00061000 08:09 1586634                    /home/archit/.gradle/caches/jars-3/bc4b2527f35dc983f759e8f85f3f8d52/httpclient-4.2.6.jar
7ff6da493000-7ff6da49c000 r--s 00064000 08:09 1586632                    /home/archit/.gradle/caches/jars-3/fc37c717528c2a0d27f3e3621835f781/commons-compress-1.12.jar
7ff6da49c000-7ff6da4a1000 r--s 0002e000 08:09 1586630                    /home/archit/.gradle/caches/jars-3/c5bcda7f6f4809e9c92270f99e51f154/gson-2.3.jar
7ff6da4a1000-7ff6da4b1000 r--s 000d6000 08:09 1586628                    /home/archit/.gradle/caches/jars-3/dbdb8caed2514263a34702cc763c6785/proguard-base-5.3.3.jar
7ff6da4b1000-7ff6da4b3000 r--s 00003000 08:09 1586626                    /home/archit/.gradle/caches/jars-3/01ab8600ebbfdcaf9b89b45c2b992e82/annotations-13.0.jar
7ff6da4b3000-7ff6da4b4000 r--s 00001000 08:09 1586624                    /home/archit/.gradle/caches/jars-3/22d054403841f76f651e28ff81d7e543/annotations-26.0.0.jar
7ff6da4b4000-7ff6da4b7000 r--s 00033000 08:09 1580444                    /home/archit/.gradle/caches/jars-3/0ce03714647bf7bd3c78634c20ddbf38/juniversalchardet-1.0.3.jar
7ff6da4b7000-7ff6da4bb000 r--s 0002a000 08:09 1580442                    /home/archit/.gradle/caches/jars-3/9849af6d4b0409ba64061601342f385d/commons-io-2.4.jar
7ff6da4bb000-7ff6da4d2000 r--s 00154000 08:09 1580440                    /home/archit/.gradle/caches/jars-3/57adf9abd30c921d4ea1dfdcfe7b9efd/antlr4-4.5.3.jar
7ff6da4d2000-7ff6da4d3000 r--s 00003000 08:09 1586622                    /home/archit/.gradle/caches/jars-3/f29c2da6b031c4830fe215ea32cbd1d6/baseLibrary-3.0.0.jar
7ff6da4d3000-7ff6da503000 r--s 00245000 08:09 1586620                    /home/archit/.gradle/caches/jars-3/8e27cdebb49ba2f804f9403d90aaaac5/guava-22.0.jar
7ff6da503000-7ff6da50b000 r--s 000a8000 08:09 1580434                    /home/archit/.gradle/caches/jars-3/6cc57ce9ec0d90186f781694264d61bc/lombok-ast-0.2.3.jar
7ff6da50b000-7ff6da50f000 r--s 0002f000 08:09 1580432                    /home/archit/.gradle/caches/jars-3/505fcc8c47da308b2f1262f0ff3c65f1/jimfs-1.1.jar
7ff6da50f000-7ff6da522000 r--s 00241000 08:09 1580430                    /home/archit/.gradle/caches/jars-3/d8dc71eb6d91c966c45f7b594129e14a/ecj-4.6.1.jar
7ff6da522000-7ff6da523000 r--s 00003000 08:09 1586618                    /home/archit/.gradle/caches/jars-3/fdb8f5ebd6a086c4818336712b830716/json-simple-1.1.jar
7ff6da523000-7ff6da648000 r--s 00f5d000 08:09 1586616                    /home/archit/.gradle/caches/jars-3/dfd566a90e18a0aa75879c33e0731ab8/fastutil-7.2.0.jar
7ff6da648000-7ff6da693000 r--s 002ff000 08:09 1586614                    /home/archit/.gradle/caches/jars-3/d3d44e9a7fcb4a86fb40775c385dd3d0/bcprov-jdk15on-1.56.jar
7ff6da693000-7ff6da6a4000 r--s 00097000 08:09 1586612                    /home/archit/.gradle/caches/jars-3/59ebb77d99c5ca0e24bb23272e0329dd/bcpkix-jdk15on-1.56.jar
7ff6da6a4000-7ff6da6a6000 r--s 00002000 08:09 1580424                    /home/archit/.gradle/caches/jars-3/f268e5e8fc83bb846ac355d6a16b1f30/javawriter-2.5.0.jar
7ff6da6a6000-7ff6da6ab000 r--s 0003b000 08:09 1586610                    /home/archit/.gradle/caches/jars-3/e05f9976b96d28fde211735fa5e94d9a/apksig-3.0.0.jar
7ff6da6ab000-7ff6da6ae000 r--s 00024000 08:09 1586608                    /home/archit/.gradle/caches/jars-3/664e7b307d7ea6fbd268ae5e965af33f/common-26.0.0.jar
7ff6da6ae000-7ff6da6b0000 r--s 00006000 08:09 1586606                    /home/archit/.gradle/caches/jars-3/0406b1b4dc723dfbfe2d3f0701ad05b0/dvlib-26.0.0.jar
7ff6da6b0000-7ff6da6b3000 r--s 00014000 08:09 1586604                    /home/archit/.gradle/caches/jars-3/3ce077ae1920336ec43b829a7f72ce49/layoutlib-api-26.0.0.jar
7ff6da6b3000-7ff6da6b8000 r--s 0004d000 08:09 1586602                    /home/archit/.gradle/caches/jars-3/65eb04ad4074b88473a4bd0790ceb5fa/ddmlib-26.0.0.jar
7ff6da6b8000-7ff6da6b9000 r--s 00003000 08:09 1586600                    /home/archit/.gradle/caches/jars-3/be01663fe004b181af941ac54e7bc4f0/builder-test-api-3.0.0.jar
7ff6da6b9000-7ff6da6bc000 r--s 00007000 08:09 1586598                    /home/archit/.gradle/caches/jars-3/38f9351bf06ef722e62746fe5560ea34/builder-model-3.0.0.jar
7ff6da6bc000-7ff6da6cb000 r--s 00130000 08:09 1580398                    /home/archit/.gradle/caches/jars-3/72ba1443c6adcea1f6ba21e12f0bb0fc/protobuf-java-3.0.0.jar
7ff6da6cb000-7ff6da6de000 r--s 001a8000 08:09 1586596                    /home/archit/.gradle/caches/jars-3/2265108d6f8c35991db49bb36a4f9855/protos-26.0.0.jar
7ff6da6de000-7ff6da6df000 r--s 00005000 08:09 1586594                    /home/archit/.gradle/caches/jars-3/d41f18504bb9fe2aad8342cc4d177c72/shared-26.0.0.jar
7ff6da6df000-7ff6da6e1000 r--s 00004000 08:09 1586592                    /home/archit/.gradle/caches/jars-3/6d32eb0515d6f097cfbdc2a4d0a68216/tracker-26.0.0.jar
7ff6da6e1000-7ff6da6e3000 r--s 00002000 08:09 1586590                    /home/archit/.gradle/caches/jars-3/e91624d2ed1c3b55eec9fd768ed13c1d/proguard-gradle-5.3.3.jar
7ff6da6e3000-7ff6da6e5000 r--s 0000f000 08:09 1580390                    /home/archit/.gradle/caches/jars-3/96760c32d36a5d7066e3ccf088bfd362/jopt-simple-4.9.jar
7ff6da6e5000-7ff6da6e9000 r--s 0001e000 08:09 1586588                    /home/archit/.gradle/caches/jars-3/0d3e95aba631209a078aeec58a76633d/org.jacoco.core-0.7.4.201502262128.jar
7ff6da6e9000-7ff6da6ec000 r--s 00020000 08:09 1586586                    /home/archit/.gradle/caches/jars-3/c72fc284d34f39eab57a4e3ba83405e9/org.jacoco.report-0.7.4.201502262128.jar
7ff6da6ec000-7ff6da6ee000 r--s 0000c000 08:09 1586584                    /home/archit/.gradle/caches/jars-3/9b0a36633c92c6e87e62c81734593183/asm-5.1.jar
7ff6da6ee000-7ff6da6f0000 r--s 00006000 08:09 1586582                    /home/archit/.gradle/caches/jars-3/50c8a7da333c41693b2b7ce95b6d9d89/asm-tree-5.1.jar
7ff6da6f0000-7ff6da6f1000 r--s 0000a000 08:09 1586580                    /home/archit/.gradle/caches/jars-3/c4f1f1d5a624f981d35a78d181e2c418/asm-util-5.1.jar
7ff6da6f1000-7ff6da6f3000 r--s 0000a000 08:09 1586578                    /home/archit/.gradle/caches/jars-3/d37aa405961c464c627b1efe5def81b8/asm-commons-5.1.jar
7ff6da6f3000-7ff6da6f4000 r--s 00004000 08:09 1586576                    /home/archit/.gradle/caches/jars-3/2b2689d10a4425b1cb2d0654db2ea088/asm-analysis-5.1.jar
7ff6da6f4000-7ff6da6f5000 r--s 00000000 08:09 1586574                    /home/archit/.gradle/caches/jars-3/5206138fb8a6b2ffbd31e140916c2100/transform-api-2.0.0-deprecated-use-gradle-api.jar
7ff6da6f5000-7ff6da704000 r--s 000c8000 08:09 1586572                    /home/archit/.gradle/caches/jars-3/af931fae44e009148423077fa09abbd1/kotlin-stdlib-1.1.3-2.jar
7ff6da704000-7ff6da736000 r--s 0021b000 08:09 1586570                    /home/archit/.gradle/caches/jars-3/24b2127528a18b338af82ff7ea236d45/kotlin-reflect-1.1.3-2.jar
7ff6da736000-7ff6da73c000 r--s 00030000 08:09 1586568                    /home/archit/.gradle/caches/jars-3/ed1566eb5e13985bd2441d4d9fb001bc/repository-26.0.0.jar
7ff6da73c000-7ff6da747000 r--s 0009b000 08:09 1586566                    /home/archit/.gradle/caches/jars-3/010a8562e37fa93874e94473b7b1b739/sdklib-26.0.0.jar
7ff6da747000-7ff6da756000 r--s 000da000 08:09 1586564                    /home/archit/.gradle/caches/jars-3/855bd024c9103048d08cf3d6b4ccafaf/sdk-common-26.0.0.jar
7ff6da756000-7ff6da75a000 r--s 00023000 08:09 1586562                    /home/archit/.gradle/caches/jars-3/901a1ffe8b1c867d10bb96d1ffa22bf8/manifest-merger-26.0.0.jar
7ff6da75a000-7ff6da78a000 r--s 01983000 08:09 1586548                    /home/archit/.gradle/caches/jars-3/9d8abc21f07cf6634ed8d5a72c47a95f/builder-3.0.0.jar
7ff6da78a000-7ff6da78d000 ---p 00000000 00:00 0 
7ff6da78d000-7ff6da88b000 rw-p 00000000 00:00 0 
7ff6da88b000-7ff6da88e000 ---p 00000000 00:00 0 
7ff6da88e000-7ff6da98c000 rw-p 00000000 00:00 0 
7ff6da98c000-7ff6da98f000 ---p 00000000 00:00 0 
7ff6da98f000-7ff6daa8d000 rw-p 00000000 00:00 0 
7ff6daa8d000-7ff6daa90000 ---p 00000000 00:00 0 
7ff6daa90000-7ff6dad84000 rw-p 00000000 00:00 0 
7ff6dad84000-7ff6dad8e000 ---p 00000000 00:00 0 
7ff6dad8e000-7ff6daf8e000 rw-p 00000000 00:00 0 
7ff6daf8e000-7ff6db18e000 rw-p 00000000 00:00 0 
7ff6db18e000-7ff6db38e000 rw-p 00000000 00:00 0 
7ff6db38e000-7ff6db3fe000 r--s 00643000 08:09 1580277                    /home/archit/.gradle/caches/jars-3/fd607a71f3d781451515f815d21ecd8e/groovy-all-2.4.6.jar
7ff6db3fe000-7ff6db5fe000 rw-p 00000000 00:00 0 
7ff6db5fe000-7ff6db601000 ---p 00000000 00:00 0 
7ff6db601000-7ff6db8ff000 rw-p 00000000 00:00 0 
7ff6db8ff000-7ff6dbaff000 rw-p 00000000 00:00 0 
7ff6dbaff000-7ff6dbcff000 rw-p 00000000 00:00 0 
7ff6dbcff000-7ff6dbeff000 rw-p 00000000 00:00 0 
7ff6dbeff000-7ff6dbf02000 ---p 00000000 00:00 0 
7ff6dbf02000-7ff6dc000000 rw-p 00000000 00:00 0 
7ff6dc000000-7ff6dc021000 rw-p 00000000 00:00 0 
7ff6dc021000-7ff6e0000000 ---p 00000000 00:00 0 
7ff6e0000000-7ff6e0025000 rw-p 00000000 00:00 0 
7ff6e0025000-7ff6e4000000 ---p 00000000 00:00 0 
7ff6e4000000-7ff6e52fc000 rw-p 00000000 00:00 0 
7ff6e52fc000-7ff6e8000000 ---p 00000000 00:00 0 
7ff6e8000000-7ff6e827e000 rw-p 00000000 00:00 0 
7ff6e827e000-7ff6ec000000 ---p 00000000 00:00 0 
7ff6ec000000-7ff6ec071000 rw-p 00000000 00:00 0 
7ff6ec071000-7ff6f0000000 ---p 00000000 00:00 0 
7ff6f0000000-7ff6f0021000 rw-p 00000000 00:00 0 
7ff6f0021000-7ff6f4000000 ---p 00000000 00:00 0 
7ff6f4000000-7ff6f4021000 rw-p 00000000 00:00 0 
7ff6f4021000-7ff6f8000000 ---p 00000000 00:00 0 
7ff6f8000000-7ff6f8021000 rw-p 00000000 00:00 0 
7ff6f8021000-7ff6fc000000 ---p 00000000 00:00 0 
7ff6fc000000-7ff6fc078000 rw-p 00000000 00:00 0 
7ff6fc078000-7ff700000000 ---p 00000000 00:00 0 
7ff700000000-7ff700004000 r--s 0002e000 08:09 1586560                    /home/archit/.gradle/caches/jars-3/7844948b119640730aae7d1024fe376e/compilerCommon-3.0.0.jar
7ff700004000-7ff700006000 r--s 00003000 08:09 1586558                    /home/archit/.gradle/caches/jars-3/93282345f8a1cdba41f206997292df6a/gradle-api-3.0.0.jar
7ff700006000-7ff700015000 r--s 000cb000 08:09 1586556                    /home/archit/.gradle/caches/jars-3/f5905f482fd3ae4156449764362d5347/uast-26.0.0.jar
7ff700015000-7ff70001c000 r--s 0007f000 08:09 1586554                    /home/archit/.gradle/caches/jars-3/96f25077deeaace8d84ee1787aad54fd/lint-api-26.0.0.jar
7ff70001c000-7ff700025000 r--s 000ff000 08:09 1586552                    /home/archit/.gradle/caches/jars-3/f0348591fd8e5cf1f09289c2cddb6498/lint-checks-26.0.0.jar
7ff700025000-7ff700028000 r--s 00039000 08:09 1586550                    /home/archit/.gradle/caches/jars-3/6acf45ba7bd0fd34186c06e50fa1a773/lint-26.0.0.jar
7ff700028000-7ff70004b000 r--s 0020b000 08:09 1586546                    /home/archit/.gradle/caches/jars-3/6580be06fa7f5eae6309ca3ad3a20624/gradle-core-3.0.0.jar
7ff70004b000-7ff70004d000 r--s 00007000 08:09 1863729                    /home/archit/.gradle/caches/modules-2/files-2.1/com.google.gms/google-services/3.1.0/166ae4e6acd03b7bbebe221ffa54bc039fece1b9/google-services-3.1.0.jar
7ff70004d000-7ff70004f000 r--s 0000f000 08:09 1586544                    /home/archit/.gradle/caches/jars-3/119369196b5bc94e9595652e20112cf5/gradle-3.0.0.jar
7ff70004f000-7ff70005d000 r--s 000ca000 08:09 1586542                    /home/archit/.gradle/caches/jars-3/e0bd0005080c5c7e72a2b279cbd60369/kotlin-runtime.jar
7ff70005d000-7ff700063000 r--s 0008b000 08:09 1586540                    /home/archit/.gradle/caches/jars-3/f0a02bd4a7e9a58968cad5d82da8cec1/gradle-tooling-extension-impl.jar
7ff700063000-7ff700082000 r--s 0053d000 08:09 1586536                    /home/archit/.gradle/caches/jars-3/c0b8fca5eb942592236928195650a892/sdk-tools.jar
7ff700082000-7ff7000c4000 r--s 00220000 08:09 1586524                    /home/archit/.gradle/caches/jars-3/929747bc6b973b44297e9c57df71598d/gradle-core-3.5.jar
7ff7000c4000-7ff7000ec000 r--s 001cf000 08:09 1580189                    /home/archit/.gradle/caches/jars-3/566e7e0f530f75a42eba4833ef84d88c/guava-jdk5-17.0.jar
7ff7000ec000-7ff7000ef000 ---p 00000000 00:00 0 
7ff7000ef000-7ff7003ed000 rw-p 00000000 00:00 0 
7ff7003ed000-7ff7003f0000 ---p 00000000 00:00 0 
7ff7003f0000-7ff7004ee000 rw-p 00000000 00:00 0 
7ff7004ee000-7ff7004f1000 ---p 00000000 00:00 0 
7ff7004f1000-7ff7005ef000 rw-p 00000000 00:00 0 
7ff7005ef000-7ff7005f2000 ---p 00000000 00:00 0 
7ff7005f2000-7ff7006f0000 rw-p 00000000 00:00 0 
7ff7006f0000-7ff7006f3000 ---p 00000000 00:00 0 
7ff7006f3000-7ff7007f1000 rw-p 00000000 00:00 0 
7ff7007f1000-7ff7007f4000 ---p 00000000 00:00 0 
7ff7007f4000-7ff7008f2000 rw-p 00000000 00:00 0 
7ff7008f2000-7ff7008f5000 ---p 00000000 00:00 0 
7ff7008f5000-7ff7009f3000 rw-p 00000000 00:00 0 
7ff7009f3000-7ff7009f6000 ---p 00000000 00:00 0 
7ff7009f6000-7ff700af4000 rw-p 00000000 00:00 0 
7ff700af4000-7ff700af7000 ---p 00000000 00:00 0 
7ff700af7000-7ff700df5000 rw-p 00000000 00:00 0 
7ff700df5000-7ff700dfe000 r-xp 00000000 08:09 1980803                    /usr/local/android-studio/jre/jre/lib/amd64/libmanagement.so
7ff700dfe000-7ff700ffd000 ---p 00009000 08:09 1980803                    /usr/local/android-studio/jre/jre/lib/amd64/libmanagement.so
7ff700ffd000-7ff700ffe000 r--p 00008000 08:09 1980803                    /usr/local/android-studio/jre/jre/lib/amd64/libmanagement.so
7ff700ffe000-7ff700fff000 rw-p 00009000 08:09 1980803                    /usr/local/android-studio/jre/jre/lib/amd64/libmanagement.so
7ff700fff000-7ff704000000 rw-p 00000000 00:00 0 
7ff704000000-7ff704021000 rw-p 00000000 00:00 0 
7ff704021000-7ff708000000 ---p 00000000 00:00 0 
7ff708000000-7ff708021000 rw-p 00000000 00:00 0 
7ff708021000-7ff70c000000 ---p 00000000 00:00 0 
7ff70c000000-7ff70daaf000 rw-p 00000000 00:00 0 
7ff70daaf000-7ff710000000 ---p 00000000 00:00 0 
7ff710000000-7ff71085f000 rw-p 00000000 00:00 0 
7ff71085f000-7ff714000000 ---p 00000000 00:00 0 
7ff714000000-7ff714021000 rw-p 00000000 00:00 0 
7ff714021000-7ff718000000 ---p 00000000 00:00 0 
7ff718000000-7ff719f3c000 rw-p 00000000 00:00 0 
7ff719f3c000-7ff71c000000 ---p 00000000 00:00 0 
7ff71c000000-7ff71c021000 rw-p 00000000 00:00 0 
7ff71c021000-7ff720000000 ---p 00000000 00:00 0 
7ff720000000-7ff720021000 rw-p 00000000 00:00 0 
7ff720021000-7ff724000000 ---p 00000000 00:00 0 
7ff724000000-7ff724035000 rw-p 00000000 00:00 0 
7ff724035000-7ff728000000 ---p 00000000 00:00 0 
7ff728000000-7ff72827f000 rw-p 00000000 00:00 0 
7ff72827f000-7ff72c000000 ---p 00000000 00:00 0 
7ff72c000000-7ff72c021000 rw-p 00000000 00:00 0 
7ff72c021000-7ff730000000 ---p 00000000 00:00 0 
7ff730000000-7ff730036000 rw-p 00000000 00:00 0 
7ff730036000-7ff734000000 ---p 00000000 00:00 0 
7ff734000000-7ff734021000 rw-p 00000000 00:00 0 
7ff734021000-7ff738000000 ---p 00000000 00:00 0 
7ff738000000-7ff738005000 r--s 00034000 08:09 1580279                    /home/archit/.gradle/caches/jars-3/d447f2396a03dbc75b6d52fec5a488d6/gson-2.5.jar
7ff738005000-7ff738007000 r--s 0000e000 08:09 1586538                    /home/archit/.gradle/caches/jars-3/749fa8fddbb60dbf5a9683c6d3a8f3e9/android-extensions-ide.jar
7ff738007000-7ff738008000 r--s 00000000 08:09 1580201                    /home/archit/.gradle/caches/jars-3/be363fcec6fce25e79fe7d68a2750e91/gradle-appengine-builder-model-0.1.0.jar
7ff738008000-7ff738009000 r--s 00003000 08:09 1586534                    /home/archit/.gradle/caches/jars-3/2405bbfe967ae4d56a908337251d2f0e/kotlin-gradle-tooling.jar
7ff738009000-7ff73800a000 r--s 00002000 08:09 1586532                    /home/archit/.gradle/caches/jars-3/99e644a4297156f8ad22d730b4e69696/external-system-rt.jar
7ff73800a000-7ff73800c000 r--s 0000c000 08:09 1586530                    /home/archit/.gradle/caches/jars-3/873f9ca490439c486fe23eb90064327f/gradle-tooling-extension-api.jar
7ff73800c000-7ff738013000 r--s 0002a000 08:09 1586528                    /home/archit/.gradle/caches/jars-3/fff47aec37b967e571b648d1fc9c6db6/gradle-messaging-3.5.jar
7ff738013000-7ff738018000 r--s 00041000 08:09 1586526                    /home/archit/.gradle/caches/jars-3/c0502f5c2cf6dfd52d250e1b7d027d24/commons-lang-2.6.jar
7ff738018000-7ff738021000 r--s 00047000 08:09 1586522                    /home/archit/.gradle/caches/jars-3/11d06a5dce89fe5632250b7df00a3d57/gradle-base-services-3.5.jar
7ff738021000-7ff73802f000 r--s 00043000 08:09 1586520                    /home/archit/.gradle/caches/jars-3/c0d1da18a547ef3a2ba66d3068ae6e09/gradle-tooling-api-3.5.jar
7ff73802f000-7ff7380a8000 r--s 010fd000 08:09 1980667                    /usr/local/android-studio/jre/lib/tools.jar
7ff7380a8000-7ff7380af000 r--s 00000000 08:09 2256048                    /usr/lib/x86_64-linux-gnu/gconv/gconv-modules.cache
7ff7380af000-7ff7380b4000 r--s 0009a000 08:09 1980777                    /usr/local/android-studio/jre/jre/lib/jsse.jar
7ff7380b4000-7ff7380b6000 r--s 00007000 08:09 1855179                    /home/archit/.gradle/wrapper/dists/gradle-4.1-all/bzyivzo6n839fup2jbap0tjew/gradle-4.1/lib/plugins/gradle-tooling-api-builders-4.1.jar
7ff7380b6000-7ff7380b9000 r--s 00009000 08:09 1855189                    /home/archit/.gradle/wrapper/dists/gradle-4.1-all/bzyivzo6n839fup2jbap0tjew/gradle-4.1/lib/plugins/gradle-testing-native-4.1.jar
7ff7380b9000-7ff7380bb000 r--s 00009000 08:09 1855262                    /home/archit/.gradle/wrapper/dists/gradle-4.1-all/bzyivzo6n839fup2jbap0tjew/gradle-4.1/lib/plugins/hamcrest-core-1.3.jar
7ff7380bb000-7ff7380c0000 r--s 00040000 08:09 1855257                    /home/archit/.gradle/wrapper/dists/gradle-4.1-all/bzyivzo6n839fup2jbap0tjew/gradle-4.1/lib/plugins/bsh-2.0b4.jar
7ff7380c0000-7ff7380c2000 r--s 00006000 08:09 1855258                    /home/archit/.gradle/wrapper/dists/gradle-4.1-all/bzyivzo6n839fup2jbap0tjew/gradle-4.1/lib/plugins/jcommander-1.12.jar
7ff7380c2000-7ff7380c8000 r--s 00033000 08:09 1855259                    /home/archit/.gradle/wrapper/dists/gradle-4.1-all/bzyivzo6n839fup2jbap0tjew/gradle-4.1/lib/plugins/snakeyaml-1.6.jar
7ff7380c8000-7ff7380d1000 r--s 00089000 08:09 1855217                    /home/archit/.gradle/wrapper/dists/gradle-4.1-all/bzyivzo6n839fup2jbap0tjew/gradle-4.1/lib/plugins/testng-6.3.1.jar
7ff7380d1000-7ff7380d9000 r--s 00045000 08:09 1855218                    /home/archit/.gradle/wrapper/dists/gradle-4.1-all/bzyivzo6n839fup2jbap0tjew/gradle-4.1/lib/plugins/junit-4.12.jar
7ff7380d9000-7ff7380df000 r--s 0002e000 08:09 1855185                    /home/archit/.gradle/wrapper/dists/gradle-4.1-all/bzyivzo6n839fup2jbap0tjew/gradle-4.1/lib/plugins/gradle-testing-jvm-4.1.jar
7ff7380df000-7ff7380e3000 r--s 00017000 08:09 1855193                    /home/archit/.gradle/wrapper/dists/gradle-4.1-all/bzyivzo6n839fup2jbap0tjew/gradle-4.1/lib/plugins/gradle-testing-base-4.1.jar
7ff7380e3000-7ff7380ea000 r--s 00038000 08:09 1855213                    /home/archit/.gradle/wrapper/dists/gradle-4.1-all/bzyivzo6n839fup2jbap0tjew/gradle-4.1/lib/plugins/bcpg-jdk15on-1.51.jar
7ff7380ea000-7ff7380ec000 r--s 0000c000 08:09 1855164                    /home/archit/.gradle/wrapper/dists/gradle-4.1-all/bzyivzo6n839fup2jbap0tjew/gradle-4.1/lib/plugins/gradle-signing-4.1.jar
7ff7380ec000-7ff7380ee000 r--s 00007000 08:09 1855170                    /home/archit/.gradle/wrapper/dists/gradle-4.1-all/bzyivzo6n839fup2jbap0tjew/gradle-4.1/lib/plugins/gradle-scala-4.1.jar
7ff7380ee000-7ff7380ef000 r--s 00004000 08:09 1855201                    /home/archit/.gradle/wrapper/dists/gradle-4.1-all/bzyivzo6n839fup2jbap0tjew/gradle-4.1/lib/plugins/gradle-resources-sftp-4.1.jar
7ff7380ef000-7ff7380ff000 r--s 00088000 08:09 1855230                    /home/archit/.gradle/wrapper/dists/gradle-4.1-all/bzyivzo6n839fup2jbap0tjew/gradle-4.1/lib/plugins/joda-time-2.8.2.jar
7ff7380ff000-7ff738110000 r--s 0010d000 08:09 1855229                    /home/archit/.gradle/wrapper/dists/gradle-4.1-all/bzyivzo6n839fup2jbap0tjew/gradle-4.1/lib/plugins/jackson-databind-2.6.6.jar
7ff738110000-7ff738113000 r--s 00009000 08:09 1855228                    /home/archit/.gradle/wrapper/dists/gradle-4.1-all/bzyivzo6n839fup2jbap0tjew/gradle-4.1/lib/plugins/jackson-annotations-2.6.6.jar
7ff738113000-7ff738117000 r--s 0003c000 08:09 1855227                    /home/archit/.gradle/wrapper/dists/gradle-4.1-all/bzyivzo6n839fup2jbap0tjew/gradle-4.1/lib/plugins/jackson-core-2.6.6.jar
7ff738117000-7ff738125000 r--s 00087000 08:09 1855226                    /home/archit/.gradle/wrapper/dists/gradle-4.1-all/bzyivzo6n839fup2jbap0tjew/gradle-4.1/lib/plugins/aws-java-sdk-core-1.11.6.jar
7ff738125000-7ff73812c000 r--s 00057000 08:09 1855225                    /home/archit/.gradle/wrapper/dists/gradle-4.1-all/bzyivzo6n839fup2jbap0tjew/gradle-4.1/lib/plugins/aws-java-sdk-kms-1.11.6.jar
7ff73812c000-7ff738139000 r--s 0008e000 08:09 1855224                    /home/archit/.gradle/wrapper/dists/gradle-4.1-all/bzyivzo6n839fup2jbap0tjew/gradle-4.1/lib/plugins/aws-java-sdk-s3-1.11.6.jar
7ff738139000-7ff73813b000 r--s 00004000 08:09 1855198                    /home/archit/.gradle/wrapper/dists/gradle-4.1-all/bzyivzo6n839fup2jbap0tjew/gradle-4.1/lib/plugins/gradle-resources-s3-4.1.jar
7ff73813b000-7ff73813d000 r--s 00010000 08:09 1855194                    /home/archit/.gradle/wrapper/dists/gradle-4.1-all/bzyivzo6n839fup2jbap0tjew/gradle-4.1/lib/plugins/gradle-reporting-4.1.jar
7ff73813d000-7ff73813f000 r--s 00002000 08:09 1855195                    /home/archit/.gradle/wrapper/dists/gradle-4.1-all/bzyivzo6n839fup2jbap0tjew/gradle-4.1/lib/plugins/gradle-publish-4.1.jar
7ff73813f000-7ff738141000 r--s 00009000 08:09 1855206                    /home/archit/.gradle/wrapper/dists/gradle-4.1-all/bzyivzo6n839fup2jbap0tjew/gradle-4.1/lib/plugins/commons-cli-1.2.jar
7ff738141000-7ff738147000 r--s 00036000 08:09 1855178                    /home/archit/.gradle/wrapper/dists/gradle-4.1-all/bzyivzo6n839fup2jbap0tjew/gradle-4.1/lib/plugins/gradle-plugins-4.1.jar
7ff738147000-7ff738149000 r--s 00009000 08:09 1855165                    /home/archit/.gradle/wrapper/dists/gradle-4.1-all/bzyivzo6n839fup2jbap0tjew/gradle-4.1/lib/plugins/gradle-plugin-development-4.1.jar
7ff738149000-7ff73814f000 r--s 0002b000 08:09 1855173                    /home/archit/.gradle/wrapper/dists/gradle-4.1-all/bzyivzo6n839fup2jbap0tjew/gradle-4.1/lib/plugins/gradle-platform-play-4.1.jar
7ff73814f000-7ff73815e000 r--s 0005b000 08:09 1855191                    /home/archit/.gradle/wrapper/dists/gradle-4.1-all/bzyivzo6n839fup2jbap0tjew/gradle-4.1/lib/plugins/gradle-platform-native-4.1.jar
7ff73815e000-7ff738162000 r--s 0001b000 08:09 1855188                    /home/archit/.gradle/wrapper/dists/gradle-4.1-all/bzyivzo6n839fup2jbap0tjew/gradle-4.1/lib/plugins/gradle-platform-jvm-4.1.jar
7ff738162000-7ff73816a000 r--s 00027000 08:09 1855196                    /home/archit/.gradle/wrapper/dists/gradle-4.1-all/bzyivzo6n839fup2jbap0tjew/gradle-4.1/lib/plugins/gradle-platform-base-4.1.jar
7ff73816a000-7ff738192000 r--s 0021c000 08:09 1855207                    /home/archit/.gradle/wrapper/dists/gradle-4.1-all/bzyivzo6n839fup2jbap0tjew/gradle-4.1/lib/plugins/biz.aQute.bndlib-3.2.0.jar
7ff738192000-7ff738193000 r--s 00004000 08:09 1855163                    /home/archit/.gradle/wrapper/dists/gradle-4.1-all/bzyivzo6n839fup2jbap0tjew/gradle-4.1/lib/plugins/gradle-osgi-4.1.jar
7ff738193000-7ff738196000 r--s 0000c000 08:09 1855210                    /home/archit/.gradle/wrapper/dists/gradle-4.1-all/bzyivzo6n839fup2jbap0tjew/gradle-4.1/lib/plugins/pmaven-groovy-0.8-20100325.jar
7ff738196000-7ff738197000 r--s 00004000 08:09 1855209                    /home/archit/.gradle/wrapper/dists/gradle-4.1-all/bzyivzo6n839fup2jbap0tjew/gradle-4.1/lib/plugins/pmaven-common-0.8-20100325.jar
7ff738197000-7ff73819d000 r--s 00023000 08:09 1855166                    /home/archit/.gradle/wrapper/dists/gradle-4.1-all/bzyivzo6n839fup2jbap0tjew/gradle-4.1/lib/plugins/gradle-maven-4.1.jar
7ff73819d000-7ff7381a0000 r--s 0000b000 08:09 1855184                    /home/archit/.gradle/wrapper/dists/gradle-4.1-all/bzyivzo6n839fup2jbap0tjew/gradle-4.1/lib/plugins/gradle-language-scala-4.1.jar
7ff7381a0000-7ff7381a7000 r--s 00020000 08:09 1855190                    /home/archit/.gradle/wrapper/dists/gradle-4.1-all/bzyivzo6n839fup2jbap0tjew/gradle-4.1/lib/plugins/gradle-language-native-4.1.jar
7ff7381a7000-7ff7381a9000 r--s 00005000 08:09 1855187                    /home/archit/.gradle/wrapper/dists/gradle-4.1-all/bzyivzo6n839fup2jbap0tjew/gradle-4.1/lib/plugins/gradle-language-jvm-4.1.jar
7ff7381a9000-7ff7381b0000 r--s 0002f000 08:09 1855186                    /home/archit/.gradle/wrapper/dists/gradle-4.1-all/bzyivzo6n839fup2jbap0tjew/gradle-4.1/lib/plugins/gradle-language-java-4.1.jar
7ff7381b0000-7ff7381b3000 r--s 0000a000 08:09 1855183                    /home/archit/.gradle/wrapper/dists/gradle-4.1-all/bzyivzo6n839fup2jbap0tjew/gradle-4.1/lib/plugins/gradle-language-groovy-4.1.jar
7ff7381b3000-7ff7381ba000 r--s 00035000 08:09 1855216                    /home/archit/.gradle/wrapper/dists/gradle-4.1-all/bzyivzo6n839fup2jbap0tjew/gradle-4.1/lib/plugins/simple-4.1.21.jar
7ff7381ba000-7ff7381c6000 r--s 00100000 08:09 1855214                    /home/archit/.gradle/wrapper/dists/gradle-4.1-all/bzyivzo6n839fup2jbap0tjew/gradle-4.1/lib/plugins/rhino-1.7R3.jar
7ff7381c6000-7ff7381ca000 r--s 00012000 08:09 1855174                    /home/archit/.gradle/wrapper/dists/gradle-4.1-all/bzyivzo6n839fup2jbap0tjew/gradle-4.1/lib/plugins/gradle-javascript-4.1.jar
7ff7381ca000-7ff7381cd000 r--s 00011000 08:09 1855176                    /home/archit/.gradle/wrapper/dists/gradle-4.1-all/bzyivzo6n839fup2jbap0tjew/gradle-4.1/lib/plugins/gradle-jacoco-4.1.jar
7ff7381cd000-7ff7381d0000 r--s 0000e000 08:09 1855175                    /home/archit/.gradle/wrapper/dists/gradle-4.1-all/bzyivzo6n839fup2jbap0tjew/gradle-4.1/lib/plugins/gradle-ivy-4.1.jar
7ff7381d0000-7ff7381d1000 r--s 00002000 08:09 1855167                    /home/archit/.gradle/wrapper/dists/gradle-4.1-all/bzyivzo6n839fup2jbap0tjew/gradle-4.1/lib/plugins/gradle-ide-play-4.1.jar
7ff7381d1000-7ff7381d4000 r--s 00013000 08:09 1855168                    /home/archit/.gradle/wrapper/dists/gradle-4.1-all/bzyivzo6n839fup2jbap0tjew/gradle-4.1/lib/plugins/gradle-ide-native-4.1.jar
7ff7381d4000-7ff7381de000 r--s 00054000 08:09 1855169                    /home/archit/.gradle/wrapper/dists/gradle-4.1-all/bzyivzo6n839fup2jbap0tjew/gradle-4.1/lib/plugins/gradle-ide-4.1.jar
7ff7381de000-7ff7381e0000 r--s 00007000 08:09 1855172                    /home/archit/.gradle/wrapper/dists/gradle-4.1-all/bzyivzo6n839fup2jbap0tjew/gradle-4.1/lib/plugins/gradle-ear-4.1.jar
7ff7381e0000-7ff7381e2000 r--s 00005000 08:09 1855204                    /home/archit/.gradle/wrapper/dists/gradle-4.1-all/bzyivzo6n839fup2jbap0tjew/gradle-4.1/lib/plugins/jatl-0.2.2.jar
7ff7381e2000-7ff7381e9000 r--s 00038000 08:09 1855192                    /home/archit/.gradle/wrapper/dists/gradle-4.1-all/bzyivzo6n839fup2jbap0tjew/gradle-4.1/lib/plugins/gradle-diagnostics-4.1.jar
7ff7381e9000-7ff7381eb000 r--s 0000b000 08:09 1855181                    /home/archit/.gradle/wrapper/dists/gradle-4.1-all/bzyivzo6n839fup2jbap0tjew/gradle-4.1/lib/plugins/gradle-composite-builds-4.1.jar
7ff7381eb000-7ff7381f0000 r--s 00025000 08:09 1855161                    /home/archit/.gradle/wrapper/dists/gradle-4.1-all/bzyivzo6n839fup2jbap0tjew/gradle-4.1/lib/plugins/gradle-code-quality-4.1.jar
7ff7381f0000-7ff7381f5000 r--s 00022000 08:09 1855177                    /home/archit/.gradle/wrapper/dists/gradle-4.1-all/bzyivzo6n839fup2jbap0tjew/gradle-4.1/lib/plugins/gradle-build-init-4.1.jar
7ff7381f5000-7ff7381fb000 r--s 0008e000 08:09 1855171                    /home/archit/.gradle/wrapper/dists/gradle-4.1-all/bzyivzo6n839fup2jbap0tjew/gradle-4.1/lib/plugins/gradle-build-comparison-4.1.jar
7ff7381fb000-7ff7381fc000 r--s 00002000 08:09 1855199                    /home/archit/.gradle/wrapper/dists/gradle-4.1-all/bzyivzo6n839fup2jbap0tjew/gradle-4.1/lib/plugins/gradle-build-cache-http-4.1.jar
7ff7381fc000-7ff7381fe000 r--s 00008000 08:09 1855162                    /home/archit/.gradle/wrapper/dists/gradle-4.1-all/bzyivzo6n839fup2jbap0tjew/gradle-4.1/lib/plugins/gradle-antlr-4.1.jar
7ff7381fe000-7ff738200000 r--s 00004000 08:09 1855182                    /home/archit/.gradle/wrapper/dists/gradle-4.1-all/bzyivzo6n839fup2jbap0tjew/gradle-4.1/lib/plugins/gradle-announce-4.1.jar
7ff738200000-7ff738202000 r--s 00008000 08:09 1855102                    /home/archit/.gradle/wrapper/dists/gradle-4.1-all/bzyivzo6n839fup2jbap0tjew/gradle-4.1/lib/gradle-kotlin-dsl-tooling-builders-0.10.3.jar
7ff738202000-7ff738205000 r--s 0001c000 08:09 1855220                    /home/archit/.gradle/wrapper/dists/gradle-4.1-all/bzyivzo6n839fup2jbap0tjew/gradle-4.1/lib/plugins/nekohtml-1.9.14.jar
7ff738205000-7ff73820d000 r--s 00028000 08:09 1855261                    /home/archit/.gradle/wrapper/dists/gradle-4.1-all/bzyivzo6n839fup2jbap0tjew/gradle-4.1/lib/plugins/xml-apis-1.3.04.jar
7ff73820d000-7ff738225000 r--s 00115000 08:09 1855221                    /home/archit/.gradle/wrapper/dists/gradle-4.1-all/bzyivzo6n839fup2jbap0tjew/gradle-4.1/lib/plugins/xercesImpl-2.9.1.jar
7ff738225000-7ff73822b000 r--s 0005b000 08:09 1855219                    /home/archit/.gradle/wrapper/dists/gradle-4.1-all/bzyivzo6n839fup2jbap0tjew/gradle-4.1/lib/plugins/jcifs-1.3.17.jar
7ff73822b000-7ff738232000 r--s 00049000 08:09 1855260                    /home/archit/.gradle/wrapper/dists/gradle-4.1-all/bzyivzo6n839fup2jbap0tjew/gradle-4.1/lib/plugins/httpcore-4.4.4.jar
7ff738232000-7ff738238000 r--s 00033000 08:09 1855212                    /home/archit/.gradle/wrapper/dists/gradle-4.1-all/bzyivzo6n839fup2jbap0tjew/gradle-4.1/lib/plugins/commons-codec-1.6.jar
7ff738238000-7ff738245000 r--s 000a4000 08:09 1855205                    /home/archit/.gradle/wrapper/dists/gradle-4.1-all/bzyivzo6n839fup2jbap0tjew/gradle-4.1/lib/plugins/httpclient-4.4.1.jar
7ff738245000-7ff738247000 r--s 0000b000 08:09 1855200                    /home/archit/.gradle/wrapper/dists/gradle-4.1-all/bzyivzo6n839fup2jbap0tjew/gradle-4.1/lib/plugins/gradle-resources-http-4.1.jar
7ff738247000-7ff73824b000 r--s 00017000 08:09 1855197                    /home/archit/.gradle/wrapper/dists/gradle-4.1-all/bzyivzo6n839fup2jbap0tjew/gradle-4.1/lib/plugins/gradle-plugin-use-4.1.jar
7ff73824b000-7ff73824c000 r--s 00000000 08:09 1855108                    /home/archit/.gradle/wrapper/dists/gradle-4.1-all/bzyivzo6n839fup2jbap0tjew/gradle-4.1/lib/gradle-runtime-api-info-4.1.jar
7ff73824c000-7ff73824d000 r--s 00000000 08:09 1855111                    /home/archit/.gradle/wrapper/dists/gradle-4.1-all/bzyivzo6n839fup2jbap0tjew/gradle-4.1/lib/gradle-installation-beacon-4.1.jar
7ff73824d000-7ff73828d000 r--s 00277000 08:09 1855232                    /home/archit/.gradle/wrapper/dists/gradle-4.1-all/bzyivzo6n839fup2jbap0tjew/gradle-4.1/lib/plugins/bcprov-jdk15on-1.51.jar
7ff73828d000-7ff738291000 r--s 0001d000 08:09 1855231                    /home/archit/.gradle/wrapper/dists/gradle-4.1-all/bzyivzo6n839fup2jbap0tjew/gradle-4.1/lib/plugins/xbean-reflect-3.4.jar
7ff738291000-7ff738293000 r--s 0000a000 08:09 1855233                    /home/archit/.gradle/wrapper/dists/gradle-4.1-all/bzyivzo6n839fup2jbap0tjew/gradle-4.1/lib/plugins/maven-settings-3.0.4.jar
7ff738293000-7ff738296000 r--s 00008000 08:09 1855234                    /home/archit/.gradle/wrapper/dists/gradle-4.1-all/bzyivzo6n839fup2jbap0tjew/gradle-4.1/lib/plugins/maven-settings-builder-3.0.4.jar
7ff738296000-7ff73829a000 r--s 00033000 08:09 1855235                    /home/archit/.gradle/wrapper/dists/gradle-4.1-all/bzyivzo6n839fup2jbap0tjew/gradle-4.1/lib/plugins/plexus-utils-2.0.6.jar
7ff73829a000-7ff73829c000 r--s 0000d000 08:09 1855236                    /home/archit/.gradle/wrapper/dists/gradle-4.1-all/bzyivzo6n839fup2jbap0tjew/gradle-4.1/lib/plugins/plexus-interpolation-1.14.jar
7ff73829c000-7ff73829e000 r--s 00000000 08:09 1855211                    /home/archit/.gradle/wrapper/dists/gradle-4.1-all/bzyivzo6n839fup2jbap0tjew/gradle-4.1/lib/plugins/plexus-component-annotations-1.5.5.jar
7ff73829e000-7ff7382a5000 r--s 0002e000 08:09 1855237                    /home/archit/.gradle/wrapper/dists/gradle-4.1-all/bzyivzo6n839fup2jbap0tjew/gradle-4.1/lib/plugins/plexus-container-default-1.5.5.jar
7ff7382a5000-7ff7382a7000 r--s 0000a000 08:09 1855238                    /home/archit/.gradle/wrapper/dists/gradle-4.1-all/bzyivzo6n839fup2jbap0tjew/gradle-4.1/lib/plugins/plexus-classworlds-2.4.jar
7ff7382a7000-7ff7382a9000 r--s 00002000 08:09 1855239                    /home/archit/.gradle/wrapper/dists/gradle-4.1-all/bzyivzo6n839fup2jbap0tjew/gradle-4.1/lib/plugins/plexus-cipher-1.7.jar
7ff7382a9000-7ff7382aa000 r--s 00006000 08:09 1855240                    /home/archit/.gradle/wrapper/dists/gradle-4.1-all/bzyivzo6n839fup2jbap0tjew/gradle-4.1/lib/plugins/plexus-sec-dispatcher-1.3.jar
7ff7382aa000-7ff7382b0000 r--s 0003f000 08:09 1855241                    /home/archit/.gradle/wrapper/dists/gradle-4.1-all/bzyivzo6n839fup2jbap0tjew/gradle-4.1/lib/plugins/maven-compat-3.0.4.jar
7ff7382b0000-7ff7382b4000 r--s 00021000 08:09 1855242                    /home/archit/.gradle/wrapper/dists/gradle-4.1-all/bzyivzo6n839fup2jbap0tjew/gradle-4.1/lib/plugins/maven-model-builder-3.0.4.jar
7ff7382b4000-7ff7382b6000 r--s 00026000 08:09 1855243                    /home/archit/.gradle/wrapper/dists/gradle-4.1-all/bzyivzo6n839fup2jbap0tjew/gradle-4.1/lib/plugins/maven-model-3.0.4.jar
7ff7382b6000-7ff7382b8000 r--s 0000b000 08:09 1855244                    /home/archit/.gradle/wrapper/dists/gradle-4.1-all/bzyivzo6n839fup2jbap0tjew/gradle-4.1/lib/plugins/maven-artifact-3.0.4.jar
7ff7382b8000-7ff7382ba000 r--s 00006000 08:09 1855245                    /home/archit/.gradle/wrapper/dists/gradle-4.1-all/bzyivzo6n839fup2jbap0tjew/gradle-4.1/lib/plugins/maven-repository-metadata-3.0.4.jar
7ff7382ba000-7ff7382bc000 r--s 0000b000 08:09 1855246                    /home/archit/.gradle/wrapper/dists/gradle-4.1-all/bzyivzo6n839fup2jbap0tjew/gradle-4.1/lib/plugins/maven-plugin-api-3.0.4.jar
7ff7382bc000-7ff7382be000 r--s 0000c000 08:09 1855247                    /home/archit/.gradle/wrapper/dists/gradle-4.1-all/bzyivzo6n839fup2jbap0tjew/gradle-4.1/lib/plugins/maven-aether-provider-3.0.4.jar
7ff7382be000-7ff7382bf000 r--s 00002000 08:09 1855248                    /home/archit/.gradle/wrapper/dists/gradle-4.1-all/bzyivzo6n839fup2jbap0tjew/gradle-4.1/lib/plugins/wagon-file-2.4.jar
7ff7382bf000-7ff7382c0000 r--s 00002000 08:09 1855249                    /home/archit/.gradle/wrapper/dists/gradle-4.1-all/bzyivzo6n839fup2jbap0tjew/gradle-4.1/lib/plugins/wagon-http-2.4.jar
7ff7382c0000-7ff7382c2000 r--s 0000b000 08:09 1855250                    /home/archit/.gradle/wrapper/dists/gradle-4.1-all/bzyivzo6n839fup2jbap0tjew/gradle-4.1/lib/plugins/wagon-provider-api-2.4.jar
7ff7382c2000-7ff7382c3000 r--s 00007000 08:09 1855251                    /home/archit/.gradle/wrapper/dists/gradle-4.1-all/bzyivzo6n839fup2jbap0tjew/gradle-4.1/lib/plugins/wagon-http-shared4-2.4.jar
7ff7382c3000-7ff7382c6000 r--s 00013000 08:09 1855252                    /home/archit/.gradle/wrapper/dists/gradle-4.1-all/bzyivzo6n839fup2jbap0tjew/gradle-4.1/lib/plugins/aether-api-1.13.1.jar
7ff7382c6000-7ff7382c9000 r--s 0001d000 08:09 1855253                    /home/archit/.gradle/wrapper/dists/gradle-4.1-all/bzyivzo6n839fup2jbap0tjew/gradle-4.1/lib/plugins/aether-impl-1.13.1.jar
7ff7382c9000-7ff7382cd000 r--s 0001c000 08:09 1855255                    /home/archit/.gradle/wrapper/dists/gradle-4.1-all/bzyivzo6n839fup2jbap0tjew/gradle-4.1/lib/plugins/aether-util-1.13.1.jar
7ff7382cd000-7ff7382d9000 r--s 0007d000 08:09 1855208                    /home/archit/.gradle/wrapper/dists/gradle-4.1-all/bzyivzo6n839fup2jbap0tjew/gradle-4.1/lib/plugins/maven-core-3.0.4.jar
7ff7382d9000-7ff7382de000 r--s 00034000 08:09 1855215                    /home/archit/.gradle/wrapper/dists/gradle-4.1-all/bzyivzo6n839fup2jbap0tjew/gradle-4.1/lib/plugins/gson-2.7.jar
7ff7382de000-7ff738302000 r--s 0011a000 08:09 1855203                    /home/archit/.gradle/wrapper/dists/gradle-4.1-all/bzyivzo6n839fup2jbap0tjew/gradle-4.1/lib/plugins/gradle-dependency-management-4.1.jar
7ff738302000-7ff738318000 r-xp 00000000 08:09 398470                     /lib/x86_64-linux-gnu/libgcc_s.so.1
7ff738318000-7ff738517000 ---p 00016000 08:09 398470                     /lib/x86_64-linux-gnu/libgcc_s.so.1
7ff738517000-7ff738518000 rw-p 00015000 08:09 398470                     /lib/x86_64-linux-gnu/libgcc_s.so.1
7ff738518000-7ff73868a000 r-xp 00000000 08:09 1971235                    /usr/lib/x86_64-linux-gnu/libstdc++.so.6.0.21
7ff73868a000-7ff73888a000 ---p 00172000 08:09 1971235                    /usr/lib/x86_64-linux-gnu/libstdc++.so.6.0.21
7ff73888a000-7ff738894000 r--p 00172000 08:09 1971235                    /usr/lib/x86_64-linux-gnu/libstdc++.so.6.0.21
7ff738894000-7ff738896000 rw-p 0017c000 08:09 1971235                    /usr/lib/x86_64-linux-gnu/libstdc++.so.6.0.21
7ff738896000-7ff73889a000 rw-p 00000000 00:00 0 
7ff73889a000-7ff73889b000 r--s 00003000 08:09 1855254                    /home/archit/.gradle/wrapper/dists/gradle-4.1-all/bzyivzo6n839fup2jbap0tjew/gradle-4.1/lib/plugins/aether-spi-1.13.1.jar
7ff73889b000-7ff73889d000 r--s 00006000 08:09 1855256                    /home/archit/.gradle/wrapper/dists/gradle-4.1-all/bzyivzo6n839fup2jbap0tjew/gradle-4.1/lib/plugins/aether-connector-wagon-1.13.1.jar
7ff73889d000-7ff7388a2000 r--s 00040000 08:09 1855223                    /home/archit/.gradle/wrapper/dists/gradle-4.1-all/bzyivzo6n839fup2jbap0tjew/gradle-4.1/lib/plugins/jsch-0.1.54.jar
7ff7388a2000-7ff7388b1000 r--s 000d9000 08:09 1855222                    /home/archit/.gradle/wrapper/dists/gradle-4.1-all/bzyivzo6n839fup2jbap0tjew/gradle-4.1/lib/plugins/ivy-2.2.0.jar
7ff7388b1000-7ff7388b4000 r--s 0000d000 08:09 1855202                    /home/archit/.gradle/wrapper/dists/gradle-4.1-all/bzyivzo6n839fup2jbap0tjew/gradle-4.1/lib/plugins/gradle-workers-4.1.jar
7ff7388b4000-7ff7388b9000 r-xp 00000000 08:09 1573018                    /home/archit/.gradle/native/25/linux-amd64/libnative-platform.so
7ff7388b9000-7ff738ab8000 ---p 00005000 08:09 1573018                    /home/archit/.gradle/native/25/linux-amd64/libnative-platform.so
7ff738ab8000-7ff738ab9000 rw-p 00004000 08:09 1573018                    /home/archit/.gradle/native/25/linux-amd64/libnative-platform.so
7ff738ab9000-7ff738aca000 r-xp 00000000 08:09 1980791                    /usr/local/android-studio/jre/jre/lib/amd64/libnio.so
7ff738aca000-7ff738cc9000 ---p 00011000 08:09 1980791                    /usr/local/android-studio/jre/jre/lib/amd64/libnio.so
7ff738cc9000-7ff738cca000 r--p 00010000 08:09 1980791                    /usr/local/android-studio/jre/jre/lib/amd64/libnio.so
7ff738cca000-7ff738ccb000 rw-p 00011000 08:09 1980791                    /usr/local/android-studio/jre/jre/lib/amd64/libnio.so
7ff738ccb000-7ff738ce1000 r-xp 00000000 08:09 1980789                    /usr/local/android-studio/jre/jre/lib/amd64/libnet.so
7ff738ce1000-7ff738ee1000 ---p 00016000 08:09 1980789                    /usr/local/android-studio/jre/jre/lib/amd64/libnet.so
7ff738ee1000-7ff738ee2000 r--p 00016000 08:09 1980789                    /usr/local/android-studio/jre/jre/lib/amd64/libnet.so
7ff738ee2000-7ff738ee3000 rw-p 00017000 08:09 1980789                    /usr/local/android-studio/jre/jre/lib/amd64/libnet.so
7ff738ee3000-7ff738ee4000 r--s 00006000 08:09 1855110                    /home/archit/.gradle/wrapper/dists/gradle-4.1-all/bzyivzo6n839fup2jbap0tjew/gradle-4.1/lib/gradle-wrapper-4.1.jar
7ff738ee4000-7ff738ef1000 r--s 00043000 08:09 1855109                    /home/archit/.gradle/wrapper/dists/gradle-4.1-all/bzyivzo6n839fup2jbap0tjew/gradle-4.1/lib/gradle-tooling-api-4.1.jar
7ff738ef1000-7ff738f00000 r--s 000c8000 08:09 1855106                    /home/archit/.gradle/wrapper/dists/gradle-4.1-all/bzyivzo6n839fup2jbap0tjew/gradle-4.1/lib/kotlin-stdlib-1.1.3-2.jar
7ff738f00000-7ff738f32000 r--s 0021b000 08:09 1855105                    /home/archit/.gradle/wrapper/dists/gradle-4.1-all/bzyivzo6n839fup2jbap0tjew/gradle-4.1/lib/kotlin-reflect-1.1.3-2.jar
7ff738f32000-7ff7390e9000 r--s 01786000 08:09 1855104                    /home/archit/.gradle/wrapper/dists/gradle-4.1-all/bzyivzo6n839fup2jbap0tjew/gradle-4.1/lib/kotlin-compiler-embeddable-1.1.3-2.jar
7ff7390e9000-7ff7390ea000 r--s 00000000 08:09 1855103                    /home/archit/.gradle/wrapper/dists/gradle-4.1-all/bzyivzo6n839fup2jbap0tjew/gradle-4.1/lib/gradle-kotlin-dsl-tooling-models-0.10.3.jar
7ff7390ea000-7ff7390eb000 r--s 00001000 08:09 1855101                    /home/archit/.gradle/wrapper/dists/gradle-4.1-all/bzyivzo6n839fup2jbap0tjew/gradle-4.1/lib/gradle-kotlin-dsl-compiler-plugin-0.10.3.jar
7ff7390eb000-7ff7390ed000 r--s 00003000 08:09 1855099                    /home/archit/.gradle/wrapper/dists/gradle-4.1-all/bzyivzo6n839fup2jbap0tjew/gradle-4.1/lib/annotations-13.0.jar
7ff7390ed000-7ff7390f7000 r--s 00073000 08:09 1855100                    /home/archit/.gradle/wrapper/dists/gradle-4.1-all/bzyivzo6n839fup2jbap0tjew/gradle-4.1/lib/gradle-kotlin-dsl-0.10.3.jar
7ff7390f7000-7ff7390fc000 r--s 00013000 08:09 1855116                    /home/archit/.gradle/wrapper/dists/gradle-4.1-all/bzyivzo6n839fup2jbap0tjew/gradle-4.1/lib/gradle-resources-4.1.jar
7ff7390fc000-7ff7390fe000 r--s 00005000 08:09 1855123                    /home/archit/.gradle/wrapper/dists/gradle-4.1-all/bzyivzo6n839fup2jbap0tjew/gradle-4.1/lib/gradle-cli-4.1.jar
7ff7390fe000-7ff739100000 r--s 00003000 08:09 1855130                    /home/archit/.gradle/wrapper/dists/gradle-4.1-all/bzyivzo6n839fup2jbap0tjew/gradle-4.1/lib/jcl-over-slf4j-1.7.10.jar
7ff739100000-7ff739101000 r--s 00005000 08:09 1855129                    /home/archit/.gradle/wrapper/dists/gradle-4.1-all/bzyivzo6n839fup2jbap0tjew/gradle-4.1/lib/log4j-over-slf4j-1.7.10.jar
7ff739101000-7ff739103000 r--s 00000000 08:09 1855128                    /home/archit/.gradle/wrapper/dists/gradle-4.1-all/bzyivzo6n839fup2jbap0tjew/gradle-4.1/lib/jul-to-slf4j-1.7.10.jar
7ff739103000-7ff73910a000 r--s 0002c000 08:09 1855114                    /home/archit/.gradle/wrapper/dists/gradle-4.1-all/bzyivzo6n839fup2jbap0tjew/gradle-4.1/lib/gradle-logging-4.1.jar
7ff73910a000-7ff73911a000 r--s 00082000 08:09 1855119                    /home/archit/.gradle/wrapper/dists/gradle-4.1-all/bzyivzo6n839fup2jbap0tjew/gradle-4.1/lib/gradle-model-core-4.1.jar
7ff73911a000-7ff73911c000 r--s 00006000 08:09 1855120                    /home/archit/.gradle/wrapper/dists/gradle-4.1-all/bzyivzo6n839fup2jbap0tjew/gradle-4.1/lib/gradle-base-services-groovy-4.1.jar
7ff73911c000-7ff73911e000 r--s 00007000 08:09 1855118                    /home/archit/.gradle/wrapper/dists/gradle-4.1-all/bzyivzo6n839fup2jbap0tjew/gradle-4.1/lib/gradle-model-groovy-4.1.jar
7ff73911e000-7ff73911f000 r--s 00002000 08:09 1855141                    /home/archit/.gradle/wrapper/dists/gradle-4.1-all/bzyivzo6n839fup2jbap0tjew/gradle-4.1/lib/gradle-docs-4.1.jar
7ff73911f000-7ff73912c000 r--s 00083000 08:09 1855139                    /home/archit/.gradle/wrapper/dists/gradle-4.1-all/bzyivzo6n839fup2jbap0tjew/gradle-4.1/lib/commons-collections-3.2.2.jar
7ff73912c000-7ff73912d000 r--s 00000000 08:09 1855138                    /home/archit/.gradle/wrapper/dists/gradle-4.1-all/bzyivzo6n839fup2jbap0tjew/gradle-4.1/lib/javax.inject-1.jar
7ff73912d000-7ff73919d000 r--s 00645000 08:09 1855136                    /home/archit/.gradle/wrapper/dists/gradle-4.1-all/bzyivzo6n839fup2jbap0tjew/gradle-4.1/lib/groovy-all-2.4.11.jar
7ff73919d000-7ff7391a0000 r--s 00023000 08:09 1855142                    /home/archit/.gradle/wrapper/dists/gradle-4.1-all/bzyivzo6n839fup2jbap0tjew/gradle-4.1/lib/jansi-1.14.jar
7ff7391a0000-7ff7391a1000 r--s 00004000 08:09 1855144                    /home/archit/.gradle/wrapper/dists/gradle-4.1-all/bzyivzo6n839fup2jbap0tjew/gradle-4.1/lib/native-platform-freebsd-amd64-libcpp-0.14.jar
7ff7391a1000-7ff7391a2000 r--s 00004000 08:09 1855145                    /home/archit/.gradle/wrapper/dists/gradle-4.1-all/bzyivzo6n839fup2jbap0tjew/gradle-4.1/lib/native-platform-freebsd-amd64-libstdcpp-0.14.jar
7ff7391a2000-7ff7391a3000 r--s 00004000 08:09 1855146                    /home/archit/.gradle/wrapper/dists/gradle-4.1-all/bzyivzo6n839fup2jbap0tjew/gradle-4.1/lib/native-platform-freebsd-i386-libcpp-0.14.jar
7ff7391a3000-7ff7391a4000 r--s 00003000 08:09 1855147                    /home/archit/.gradle/wrapper/dists/gradle-4.1-all/bzyivzo6n839fup2jbap0tjew/gradle-4.1/lib/native-platform-freebsd-i386-libstdcpp-0.14.jar
7ff7391a4000-7ff7391a5000 r--s 00002000 08:09 1855148                    /home/archit/.gradle/wrapper/dists/gradle-4.1-all/bzyivzo6n839fup2jbap0tjew/gradle-4.1/lib/native-platform-linux-amd64-0.14.jar
7ff7391a5000-7ff7391a6000 r--s 00002000 08:09 1855149                    /home/archit/.gradle/wrapper/dists/gradle-4.1-all/bzyivzo6n839fup2jbap0tjew/gradle-4.1/lib/native-platform-linux-i386-0.14.jar
7ff7391a6000-7ff7391a8000 r--s 00002000 08:09 1855150                    /home/archit/.gradle/wrapper/dists/gradle-4.1-all/bzyivzo6n839fup2jbap0tjew/gradle-4.1/lib/native-platform-osx-amd64-0.14.jar
7ff7391a8000-7ff7391a9000 r--s 00003000 08:09 1855151                    /home/archit/.gradle/wrapper/dists/gradle-4.1-all/bzyivzo6n839fup2jbap0tjew/gradle-4.1/lib/native-platform-osx-i386-0.14.jar
7ff7391a9000-7ff7391ab000 r--s 0000b000 08:09 1855152                    /home/archit/.gradle/wrapper/dists/gradle-4.1-all/bzyivzo6n839fup2jbap0tjew/gradle-4.1/lib/native-platform-windows-amd64-0.14.jar
7ff7391ab000-7ff7391d3000 r--s 001cf000 08:09 1855132                    /home/archit/.gradle/wrapper/dists/gradle-4.1-all/bzyivzo6n839fup2jbap0tjew/gradle-4.1/lib/guava-jdk5-17.0.jar
7ff7391d3000-7ff73921d000 r--s 00253000 08:09 1855112                    /home/archit/.gradle/wrapper/dists/gradle-4.1-all/bzyivzo6n839fup2jbap0tjew/gradle-4.1/lib/gradle-core-4.1.jar
7ff73921d000-7ff73921e000 ---p 00000000 00:00 0 
7ff73921e000-7ff73931e000 rw-p 00000000 00:00 0 
7ff73931e000-7ff739321000 ---p 00000000 00:00 0 
7ff739321000-7ff73941f000 rw-p 00000000 00:00 0 
7ff73941f000-7ff739422000 ---p 00000000 00:00 0 
7ff739422000-7ff739520000 rw-p 00000000 00:00 0 
7ff739520000-7ff739523000 ---p 00000000 00:00 0 
7ff739523000-7ff739621000 rw-p 00000000 00:00 0 
7ff739621000-7ff739624000 ---p 00000000 00:00 0 
7ff739624000-7ff739722000 rw-p 00000000 00:00 0 
7ff739722000-7ff739725000 ---p 00000000 00:00 0 
7ff739725000-7ff739823000 rw-p 00000000 00:00 0 
7ff739823000-7ff739afb000 r--p 00000000 08:09 1967971                    /usr/lib/locale/locale-archive
7ff739afb000-7ff739afe000 ---p 00000000 00:00 0 
7ff739afe000-7ff739bfc000 rw-p 00000000 00:00 0 
7ff739bfc000-7ff739bff000 ---p 00000000 00:00 0 
7ff739bff000-7ff739cfd000 rw-p 00000000 00:00 0 
7ff739cfd000-7ff739cfe000 ---p 00000000 00:00 0 
7ff739cfe000-7ff73d000000 rw-p 00000000 00:00 0 
7ff73d000000-7ff73e140000 rwxp 00000000 00:00 0 
7ff73e140000-7ff74c000000 ---p 00000000 00:00 0 
7ff74c000000-7ff74cc60000 rw-p 00000000 00:00 0 
7ff74cc60000-7ff750000000 ---p 00000000 00:00 0 
7ff750000000-7ff750001000 r--s 0000b000 08:09 1855153                    /home/archit/.gradle/wrapper/dists/gradle-4.1-all/bzyivzo6n839fup2jbap0tjew/gradle-4.1/lib/native-platform-windows-i386-0.14.jar
7ff750001000-7ff750002000 r--s 00001000 08:09 1855154                    /home/archit/.gradle/wrapper/dists/gradle-4.1-all/bzyivzo6n839fup2jbap0tjew/gradle-4.1/lib/native-platform-linux-amd64-ncurses5-0.14.jar
7ff750002000-7ff750003000 r--s 00001000 08:09 1855155                    /home/archit/.gradle/wrapper/dists/gradle-4.1-all/bzyivzo6n839fup2jbap0tjew/gradle-4.1/lib/native-platform-linux-amd64-ncurses6-0.14.jar
7ff750003000-7ff750007000 r--s 00012000 08:09 1855140                    /home/archit/.gradle/wrapper/dists/gradle-4.1-all/bzyivzo6n839fup2jbap0tjew/gradle-4.1/lib/native-platform-0.14.jar
7ff750007000-7ff75000a000 r--s 0000c000 08:09 1855117                    /home/archit/.gradle/wrapper/dists/gradle-4.1-all/bzyivzo6n839fup2jbap0tjew/gradle-4.1/lib/gradle-native-4.1.jar
7ff75000a000-7ff75000c000 r--s 0000f000 08:09 1855125                    /home/archit/.gradle/wrapper/dists/gradle-4.1-all/bzyivzo6n839fup2jbap0tjew/gradle-4.1/lib/reflectasm-1.07-shaded.jar
7ff75000c000-7ff75000e000 r--s 00000000 08:09 1855158                    /home/archit/.gradle/wrapper/dists/gradle-4.1-all/bzyivzo6n839fup2jbap0tjew/gradle-4.1/lib/minlog-1.2.jar
7ff75000e000-7ff750010000 r--s 00007000 08:09 1855159                    /home/archit/.gradle/wrapper/dists/gradle-4.1-all/bzyivzo6n839fup2jbap0tjew/gradle-4.1/lib/objenesis-1.2.jar
7ff750010000-7ff750014000 r--s 00026000 08:09 1855124                    /home/archit/.gradle/wrapper/dists/gradle-4.1-all/bzyivzo6n839fup2jbap0tjew/gradle-4.1/lib/kryo-2.20.jar
7ff750014000-7ff75001a000 r--s 0002b000 08:09 1855121                    /home/archit/.gradle/wrapper/dists/gradle-4.1-all/bzyivzo6n839fup2jbap0tjew/gradle-4.1/lib/gradle-messaging-4.1.jar
7ff75001a000-7ff75001c000 r--s 00006000 08:09 1855115                    /home/archit/.gradle/wrapper/dists/gradle-4.1-all/bzyivzo6n839fup2jbap0tjew/gradle-4.1/lib/gradle-process-services-4.1.jar
7ff75001c000-7ff75001e000 r--s 00000000 08:09 1855113                    /home/archit/.gradle/wrapper/dists/gradle-4.1-all/bzyivzo6n839fup2jbap0tjew/gradle-4.1/lib/gradle-jvm-services-4.1.jar
7ff75001e000-7ff750023000 r--s 00041000 08:09 1855134                    /home/archit/.gradle/wrapper/dists/gradle-4.1-all/bzyivzo6n839fup2jbap0tjew/gradle-4.1/lib/commons-lang-2.6.jar
7ff750023000-7ff750042000 r--s 001d1000 08:09 1855137                    /home/archit/.gradle/wrapper/dists/gradle-4.1-all/bzyivzo6n839fup2jbap0tjew/gradle-4.1/lib/ant-1.9.6.jar
7ff750042000-7ff750e21000 rw-p 00000000 00:00 0 
7ff750e21000-7ff750ff1000 r--s 03c46000 08:09 1980759                    /usr/local/android-studio/jre/jre/lib/rt.jar
7ff750ff1000-7ff751b67000 rw-p 00000000 00:00 0 
7ff751b67000-7ff751b68000 ---p 00000000 00:00 0 
7ff751b68000-7ff751c68000 rw-p 00000000 00:00 0 
7ff751c68000-7ff751c69000 ---p 00000000 00:00 0 
7ff751c69000-7ff751d69000 rw-p 00000000 00:00 0 
7ff751d69000-7ff751d6a000 ---p 00000000 00:00 0 
7ff751d6a000-7ff751e6a000 rw-p 00000000 00:00 0 
7ff751e6a000-7ff751e6b000 ---p 00000000 00:00 0 
7ff751e6b000-7ff751f8c000 rw-p 00000000 00:00 0 
7ff751f8c000-7ff75216b000 ---p 00000000 00:00 0 
7ff75216b000-7ff75218c000 rw-p 00000000 00:00 0 
7ff75218c000-7ff75236b000 ---p 00000000 00:00 0 
7ff75236b000-7ff7523ae000 rw-p 00000000 00:00 0 
7ff7523ae000-7ff75246b000 ---p 00000000 00:00 0 
7ff75246b000-7ff7524b1000 rw-p 00000000 00:00 0 
7ff7524b1000-7ff75282c000 ---p 00000000 00:00 0 
7ff75282c000-7ff752846000 r-xp 00000000 08:09 1980786                    /usr/local/android-studio/jre/jre/lib/amd64/libzip.so
7ff752846000-7ff752a46000 ---p 0001a000 08:09 1980786                    /usr/local/android-studio/jre/jre/lib/amd64/libzip.so
7ff752a46000-7ff752a47000 r--p 0001a000 08:09 1980786                    /usr/local/android-studio/jre/jre/lib/amd64/libzip.so
7ff752a47000-7ff752a48000 rw-p 0001b000 08:09 1980786                    /usr/local/android-studio/jre/jre/lib/amd64/libzip.so
7ff752a48000-7ff752a53000 r-xp 00000000 08:09 398439                     /lib/x86_64-linux-gnu/libnss_files-2.23.so
7ff752a53000-7ff752c52000 ---p 0000b000 08:09 398439                     /lib/x86_64-linux-gnu/libnss_files-2.23.so
7ff752c52000-7ff752c53000 r--p 0000a000 08:09 398439                     /lib/x86_64-linux-gnu/libnss_files-2.23.so
7ff752c53000-7ff752c54000 rw-p 0000b000 08:09 398439                     /lib/x86_64-linux-gnu/libnss_files-2.23.so
7ff752c54000-7ff752c5a000 rw-p 00000000 00:00 0 
7ff752c5a000-7ff752c65000 r-xp 00000000 08:09 398478                     /lib/x86_64-linux-gnu/libnss_nis-2.23.so
7ff752c65000-7ff752e64000 ---p 0000b000 08:09 398478                     /lib/x86_64-linux-gnu/libnss_nis-2.23.so
7ff752e64000-7ff752e65000 r--p 0000a000 08:09 398478                     /lib/x86_64-linux-gnu/libnss_nis-2.23.so
7ff752e65000-7ff752e66000 rw-p 0000b000 08:09 398478                     /lib/x86_64-linux-gnu/libnss_nis-2.23.so
7ff752e66000-7ff752e7c000 r-xp 00000000 08:09 398170                     /lib/x86_64-linux-gnu/libnsl-2.23.so
7ff752e7c000-7ff75307b000 ---p 00016000 08:09 398170                     /lib/x86_64-linux-gnu/libnsl-2.23.so
7ff75307b000-7ff75307c000 r--p 00015000 08:09 398170                     /lib/x86_64-linux-gnu/libnsl-2.23.so
7ff75307c000-7ff75307d000 rw-p 00016000 08:09 398170                     /lib/x86_64-linux-gnu/libnsl-2.23.so
7ff75307d000-7ff75307f000 rw-p 00000000 00:00 0 
7ff75307f000-7ff753087000 r-xp 00000000 08:09 398532                     /lib/x86_64-linux-gnu/libnss_compat-2.23.so
7ff753087000-7ff753286000 ---p 00008000 08:09 398532                     /lib/x86_64-linux-gnu/libnss_compat-2.23.so
7ff753286000-7ff753287000 r--p 00007000 08:09 398532                     /lib/x86_64-linux-gnu/libnss_compat-2.23.so
7ff753287000-7ff753288000 rw-p 00008000 08:09 398532                     /lib/x86_64-linux-gnu/libnss_compat-2.23.so
7ff753288000-7ff7532b5000 r-xp 00000000 08:09 1980796                    /usr/local/android-studio/jre/jre/lib/amd64/libjava.so
7ff7532b5000-7ff7534b4000 ---p 0002d000 08:09 1980796                    /usr/local/android-studio/jre/jre/lib/amd64/libjava.so
7ff7534b4000-7ff7534b5000 r--p 0002c000 08:09 1980796                    /usr/local/android-studio/jre/jre/lib/amd64/libjava.so
7ff7534b5000-7ff7534b7000 rw-p 0002d000 08:09 1980796                    /usr/local/android-studio/jre/jre/lib/amd64/libjava.so
7ff7534b7000-7ff7534c7000 r-xp 00000000 08:09 1980812                    /usr/local/android-studio/jre/jre/lib/amd64/libverify.so
7ff7534c7000-7ff7536c6000 ---p 00010000 08:09 1980812                    /usr/local/android-studio/jre/jre/lib/amd64/libverify.so
7ff7536c6000-7ff7536c8000 r--p 0000f000 08:09 1980812                    /usr/local/android-studio/jre/jre/lib/amd64/libverify.so
7ff7536c8000-7ff7536c9000 rw-p 00011000 08:09 1980812                    /usr/local/android-studio/jre/jre/lib/amd64/libverify.so
7ff7536c9000-7ff7536d0000 r-xp 00000000 08:09 398509                     /lib/x86_64-linux-gnu/librt-2.23.so
7ff7536d0000-7ff7538cf000 ---p 00007000 08:09 398509                     /lib/x86_64-linux-gnu/librt-2.23.so
7ff7538cf000-7ff7538d0000 r--p 00006000 08:09 398509                     /lib/x86_64-linux-gnu/librt-2.23.so
7ff7538d0000-7ff7538d1000 rw-p 00007000 08:09 398509                     /lib/x86_64-linux-gnu/librt-2.23.so
7ff7538d1000-7ff7539d9000 r-xp 00000000 08:09 398544                     /lib/x86_64-linux-gnu/libm-2.23.so
7ff7539d9000-7ff753bd8000 ---p 00108000 08:09 398544                     /lib/x86_64-linux-gnu/libm-2.23.so
7ff753bd8000-7ff753bd9000 r--p 00107000 08:09 398544                     /lib/x86_64-linux-gnu/libm-2.23.so
7ff753bd9000-7ff753bda000 rw-p 00108000 08:09 398544                     /lib/x86_64-linux-gnu/libm-2.23.so
7ff753bda000-7ff7547d2000 r-xp 00000000 08:09 1980816                    /usr/local/android-studio/jre/jre/lib/amd64/server/libjvm.so
7ff7547d2000-7ff7549d2000 ---p 00bf8000 08:09 1980816                    /usr/local/android-studio/jre/jre/lib/amd64/server/libjvm.so
7ff7549d2000-7ff754a71000 r--p 00bf8000 08:09 1980816                    /usr/local/android-studio/jre/jre/lib/amd64/server/libjvm.so
7ff754a71000-7ff754a9a000 rw-p 00c97000 08:09 1980816                    /usr/local/android-studio/jre/jre/lib/amd64/server/libjvm.so
7ff754a9a000-7ff754ade000 rw-p 00000000 00:00 0 
7ff754ade000-7ff754af6000 r-xp 00000000 08:09 398457                     /lib/x86_64-linux-gnu/libpthread-2.23.so
7ff754af6000-7ff754cf5000 ---p 00018000 08:09 398457                     /lib/x86_64-linux-gnu/libpthread-2.23.so
7ff754cf5000-7ff754cf6000 r--p 00017000 08:09 398457                     /lib/x86_64-linux-gnu/libpthread-2.23.so
7ff754cf6000-7ff754cf7000 rw-p 00018000 08:09 398457                     /lib/x86_64-linux-gnu/libpthread-2.23.so
7ff754cf7000-7ff754cfb000 rw-p 00000000 00:00 0 
7ff754cfb000-7ff754cfe000 r-xp 00000000 08:09 398530                     /lib/x86_64-linux-gnu/libdl-2.23.so
7ff754cfe000-7ff754efd000 ---p 00003000 08:09 398530                     /lib/x86_64-linux-gnu/libdl-2.23.so
7ff754efd000-7ff754efe000 r--p 00002000 08:09 398530                     /lib/x86_64-linux-gnu/libdl-2.23.so
7ff754efe000-7ff754eff000 rw-p 00003000 08:09 398530                     /lib/x86_64-linux-gnu/libdl-2.23.so
7ff754eff000-7ff7550bf000 r-xp 00000000 08:09 398585                     /lib/x86_64-linux-gnu/libc-2.23.so
7ff7550bf000-7ff7552bf000 ---p 001c0000 08:09 398585                     /lib/x86_64-linux-gnu/libc-2.23.so
7ff7552bf000-7ff7552c3000 r--p 001c0000 08:09 398585                     /lib/x86_64-linux-gnu/libc-2.23.so
7ff7552c3000-7ff7552c5000 rw-p 001c4000 08:09 398585                     /lib/x86_64-linux-gnu/libc-2.23.so
7ff7552c5000-7ff7552c9000 rw-p 00000000 00:00 0 
7ff7552c9000-7ff7552df000 r-xp 00000000 08:09 1980676                    /usr/local/android-studio/jre/lib/amd64/jli/libjli.so
7ff7552df000-7ff7554de000 ---p 00016000 08:09 1980676                    /usr/local/android-studio/jre/lib/amd64/jli/libjli.so
7ff7554de000-7ff7554df000 r--p 00015000 08:09 1980676                    /usr/local/android-studio/jre/lib/amd64/jli/libjli.so
7ff7554df000-7ff7554e0000 rw-p 00016000 08:09 1980676                    /usr/local/android-studio/jre/lib/amd64/jli/libjli.so
7ff7554e0000-7ff755506000 r-xp 00000000 08:09 398354                     /lib/x86_64-linux-gnu/ld-2.23.so
7ff755506000-7ff755507000 r--s 00001000 08:09 1855156                    /home/archit/.gradle/wrapper/dists/gradle-4.1-all/bzyivzo6n839fup2jbap0tjew/gradle-4.1/lib/native-platform-linux-i386-ncurses5-0.14.jar
7ff755507000-7ff75550a000 r--s 00006000 08:09 1855133                    /home/archit/.gradle/wrapper/dists/gradle-4.1-all/bzyivzo6n839fup2jbap0tjew/gradle-4.1/lib/jsr305-1.3.9.jar
7ff75550a000-7ff75550e000 r--s 00027000 08:09 1855127                    /home/archit/.gradle/wrapper/dists/gradle-4.1-all/bzyivzo6n839fup2jbap0tjew/gradle-4.1/lib/commons-io-2.2.jar
7ff75550e000-7ff755516000 r--s 000bd000 08:09 1855126                    /home/archit/.gradle/wrapper/dists/gradle-4.1-all/bzyivzo6n839fup2jbap0tjew/gradle-4.1/lib/asm-debug-all-6.0_ALPHA.jar
7ff755516000-7ff755522000 r--s 00053000 08:09 1855122                    /home/archit/.gradle/wrapper/dists/gradle-4.1-all/bzyivzo6n839fup2jbap0tjew/gradle-4.1/lib/gradle-base-services-4.1.jar
7ff755522000-7ff7555e4000 rw-p 00000000 00:00 0 
7ff7555e4000-7ff7555e7000 ---p 00000000 00:00 0 
7ff7555e7000-7ff7556e9000 rw-p 00000000 00:00 0 
7ff7556e9000-7ff7556ea000 r--s 00001000 08:09 1855157                    /home/archit/.gradle/wrapper/dists/gradle-4.1-all/bzyivzo6n839fup2jbap0tjew/gradle-4.1/lib/native-platform-linux-i386-ncurses6-0.14.jar
7ff7556ea000-7ff7556eb000 r--s 00000000 08:09 1855135                    /home/archit/.gradle/wrapper/dists/gradle-4.1-all/bzyivzo6n839fup2jbap0tjew/gradle-4.1/lib/jcip-annotations-1.0.jar
7ff7556eb000-7ff7556ec000 r--s 00007000 08:09 1855131                    /home/archit/.gradle/wrapper/dists/gradle-4.1-all/bzyivzo6n839fup2jbap0tjew/gradle-4.1/lib/slf4j-api-1.7.10.jar
7ff7556ec000-7ff7556ed000 r--s 00004000 08:09 1855143                    /home/archit/.gradle/wrapper/dists/gradle-4.1-all/bzyivzo6n839fup2jbap0tjew/gradle-4.1/lib/ant-launcher-1.9.6.jar
7ff7556ed000-7ff7556f9000 r--s 0005c000 08:09 1855107                    /home/archit/.gradle/wrapper/dists/gradle-4.1-all/bzyivzo6n839fup2jbap0tjew/gradle-4.1/lib/gradle-launcher-4.1.jar
7ff7556f9000-7ff755701000 rw-s 00000000 08:09 1860593                    /tmp/hsperfdata_archit/5280
7ff755701000-7ff755702000 rw-p 00000000 00:00 0 
7ff755702000-7ff755703000 ---p 00000000 00:00 0 
7ff755703000-7ff755705000 rw-p 00000000 00:00 0 
7ff755705000-7ff755706000 r--p 00025000 08:09 398354                     /lib/x86_64-linux-gnu/ld-2.23.so
7ff755706000-7ff755707000 rw-p 00026000 08:09 398354                     /lib/x86_64-linux-gnu/ld-2.23.so
7ff755707000-7ff755708000 rw-p 00000000 00:00 0 
7ffef8299000-7ffef82ba000 rw-p 00000000 00:00 0                          [stack]
7ffef83dd000-7ffef83df000 r--p 00000000 00:00 0                          [vvar]
7ffef83df000-7ffef83e1000 r-xp 00000000 00:00 0                          [vdso]
ffffffffff600000-ffffffffff601000 r-xp 00000000 00:00 0                  [vsyscall]

VM Arguments:
jvm_args: -Xmx1536m -Dfile.encoding=UTF-8 -Duser.country=IN -Duser.language=en -Duser.variant 
java_command: org.gradle.launcher.daemon.bootstrap.GradleDaemon 4.1
java_class_path (initial): /home/archit/.gradle/wrapper/dists/gradle-4.1-all/bzyivzo6n839fup2jbap0tjew/gradle-4.1/lib/gradle-launcher-4.1.jar
Launcher Type: SUN_STANDARD

Environment Variables:
PATH=/home/archit/bin:/home/archit/.local/bin:/usr/local/sbin:/usr/local/bin:/usr/sbin:/usr/bin:/sbin:/bin:/usr/games:/usr/local/games:/snap/bin
LD_LIBRARY_PATH=/usr/local/android-studio/bin:
SHELL=/bin/bash
DISPLAY=:0

Signal Handlers:
SIGSEGV: [libjvm.so+0x9ebc60], sa_mask[0]=11111111011111111101111111111110, sa_flags=SA_RESTART|SA_SIGINFO
SIGBUS: [libjvm.so+0x9ebc60], sa_mask[0]=11111111011111111101111111111110, sa_flags=SA_RESTART|SA_SIGINFO
SIGFPE: [libjvm.so+0x84cf60], sa_mask[0]=11111111011111111101111111111110, sa_flags=SA_RESTART|SA_SIGINFO
SIGPIPE: [libjvm.so+0x84cf60], sa_mask[0]=11111111011111111101111111111110, sa_flags=SA_RESTART|SA_SIGINFO
SIGXFSZ: [libjvm.so+0x84cf60], sa_mask[0]=11111111011111111101111111111110, sa_flags=SA_RESTART|SA_SIGINFO
SIGILL: [libjvm.so+0x84cf60], sa_mask[0]=11111111011111111101111111111110, sa_flags=SA_RESTART|SA_SIGINFO
SIGUSR1: SIG_DFL, sa_mask[0]=00000000000000000000000000000000, sa_flags=none
SIGUSR2: [libjvm.so+0x84ce30], sa_mask[0]=00100000000000000000000000000000, sa_flags=SA_RESTART|SA_SIGINFO
SIGHUP: [libjvm.so+0x84d020], sa_mask[0]=11111111011111111101111111111110, sa_flags=SA_RESTART|SA_SIGINFO
SIGINT: [libjvm.so+0x84d020], sa_mask[0]=11111111011111111101111111111110, sa_flags=SA_RESTART|SA_SIGINFO
SIGTERM: [libjvm.so+0x84d020], sa_mask[0]=11111111011111111101111111111110, sa_flags=SA_RESTART|SA_SIGINFO
SIGQUIT: [libjvm.so+0x84d020], sa_mask[0]=11111111011111111101111111111110, sa_flags=SA_RESTART|SA_SIGINFO


---------------  S Y S T E M  ---------------

OS:DISTRIB_ID=Ubuntu
DISTRIB_RELEASE=16.04
DISTRIB_CODENAME=xenial
DISTRIB_DESCRIPTION="Ubuntu 16.04.3 LTS"

uname:Linux 4.10.0-38-generic #42~16.04.1-Ubuntu SMP Tue Oct 10 16:32:20 UTC 2017 x86_64
libc:glibc 2.23 NPTL 2.23 
rlimit: STACK 8192k, CORE 0k, NPROC 31265, NOFILE 1048576, AS infinity
load average:22.55 13.55 7.13

/proc/meminfo:
MemTotal:        8093948 kB
MemFree:          105084 kB
MemAvailable:          0 kB
Buffers:             600 kB
Cached:          1019452 kB
SwapCached:            0 kB
Active:          6719212 kB
Inactive:        1006744 kB
Active(anon):    6709292 kB
Inactive(anon):   997092 kB
Active(file):       9920 kB
Inactive(file):     9652 kB
Unevictable:          32 kB
Mlocked:              32 kB
SwapTotal:             0 kB
SwapFree:              0 kB
Dirty:                68 kB
Writeback:           360 kB
AnonPages:       6706240 kB
Mapped:           360988 kB
Shmem:           1000176 kB
Slab:             101344 kB
SReclaimable:      39884 kB
SUnreclaim:        61460 kB
KernelStack:       13088 kB
PageTables:        50232 kB
NFS_Unstable:          0 kB
Bounce:                0 kB
WritebackTmp:          0 kB
CommitLimit:     4046972 kB
Committed_AS:   13751732 kB
VmallocTotal:   34359738367 kB
VmallocUsed:           0 kB
VmallocChunk:          0 kB
HardwareCorrupted:     0 kB
AnonHugePages:   2371584 kB
ShmemHugePages:        0 kB
ShmemPmdMapped:        0 kB
CmaTotal:              0 kB
CmaFree:               0 kB
HugePages_Total:       0
HugePages_Free:        0
HugePages_Rsvd:        0
HugePages_Surp:        0
Hugepagesize:       2048 kB
DirectMap4k:      129788 kB
DirectMap2M:     5033984 kB
DirectMap1G:     4194304 kB


CPU:total 4 (initial active 4) (2 cores per cpu, 2 threads per core) family 6 model 61 stepping 4, cmov, cx8, fxsr, mmx, sse, sse2, sse3, ssse3, sse4.1, sse4.2, popcnt, avx, avx2, aes, clmul, erms, 3dnowpref, lzcnt, ht, tsc, tscinvbit, bmi1, bmi2, adx

/proc/cpuinfo:
processor	: 0
vendor_id	: GenuineIntel
cpu family	: 6
model		: 61
model name	: Intel(R) Core(TM) i5-5200U CPU @ 2.20GHz
stepping	: 4
microcode	: 0x24
cpu MHz		: 1401.989
cache size	: 3072 KB
physical id	: 0
siblings	: 4
core id		: 0
cpu cores	: 2
apicid		: 0
initial apicid	: 0
fpu		: yes
fpu_exception	: yes
cpuid level	: 20
wp		: yes
flags		: fpu vme de pse tsc msr pae mce cx8 apic sep mtrr pge mca cmov pat pse36 clflush dts acpi mmx fxsr sse sse2 ss ht tm pbe syscall nx pdpe1gb rdtscp lm constant_tsc arch_perfmon pebs bts rep_good nopl xtopology nonstop_tsc aperfmperf pni pclmulqdq dtes64 monitor ds_cpl vmx est tm2 ssse3 sdbg fma cx16 xtpr pdcm pcid sse4_1 sse4_2 x2apic movbe popcnt tsc_deadline_timer aes xsave avx f16c rdrand lahf_lm abm 3dnowprefetch epb intel_pt tpr_shadow vnmi flexpriority ept vpid fsgsbase tsc_adjust bmi1 avx2 smep bmi2 erms invpcid rdseed adx smap xsaveopt dtherm ida arat pln pts
bugs		:
bogomips	: 4389.58
clflush size	: 64
cache_alignment	: 64
address sizes	: 39 bits physical, 48 bits virtual
power management:

processor	: 1
vendor_id	: GenuineIntel
cpu family	: 6
model		: 61
model name	: Intel(R) Core(TM) i5-5200U CPU @ 2.20GHz
stepping	: 4
microcode	: 0x24
cpu MHz		: 1666.247
cache size	: 3072 KB
physical id	: 0
siblings	: 4
core id		: 1
cpu cores	: 2
apicid		: 2
initial apicid	: 2
fpu		: yes
fpu_exception	: yes
cpuid level	: 20
wp		: yes
flags		: fpu vme de pse tsc msr pae mce cx8 apic sep mtrr pge mca cmov pat pse36 clflush dts acpi mmx fxsr sse sse2 ss ht tm pbe syscall nx pdpe1gb rdtscp lm constant_tsc arch_perfmon pebs bts rep_good nopl xtopology nonstop_tsc aperfmperf pni pclmulqdq dtes64 monitor ds_cpl vmx est tm2 ssse3 sdbg fma cx16 xtpr pdcm pcid sse4_1 sse4_2 x2apic movbe popcnt tsc_deadline_timer aes xsave avx f16c rdrand lahf_lm abm 3dnowprefetch epb intel_pt tpr_shadow vnmi flexpriority ept vpid fsgsbase tsc_adjust bmi1 avx2 smep bmi2 erms invpcid rdseed adx smap xsaveopt dtherm ida arat pln pts
bugs		:
bogomips	: 4389.58
clflush size	: 64
cache_alignment	: 64
address sizes	: 39 bits physical, 48 bits virtual
power management:

processor	: 2
vendor_id	: GenuineIntel
cpu family	: 6
model		: 61
model name	: Intel(R) Core(TM) i5-5200U CPU @ 2.20GHz
stepping	: 4
microcode	: 0x24
cpu MHz		: 1155.187
cache size	: 3072 KB
physical id	: 0
siblings	: 4
core id		: 0
cpu cores	: 2
apicid		: 1
initial apicid	: 1
fpu		: yes
fpu_exception	: yes
cpuid level	: 20
wp		: yes
flags		: fpu vme de pse tsc msr pae mce cx8 apic sep mtrr pge mca cmov pat pse36 clflush dts acpi mmx fxsr sse sse2 ss ht tm pbe syscall nx pdpe1gb rdtscp lm constant_tsc arch_perfmon pebs bts rep_good nopl xtopology nonstop_tsc aperfmperf pni pclmulqdq dtes64 monitor ds_cpl vmx est tm2 ssse3 sdbg fma cx16 xtpr pdcm pcid sse4_1 sse4_2 x2apic movbe popcnt tsc_deadline_timer aes xsave avx f16c rdrand lahf_lm abm 3dnowprefetch epb intel_pt tpr_shadow vnmi flexpriority ept vpid fsgsbase tsc_adjust bmi1 avx2 smep bmi2 erms invpcid rdseed adx smap xsaveopt dtherm ida arat pln pts
bugs		:
bogomips	: 4389.58
clflush size	: 64
cache_alignment	: 64
address sizes	: 39 bits physical, 48 bits virtual
power management:

processor	: 3
vendor_id	: GenuineIntel
cpu family	: 6
model		: 61
model name	: Intel(R) Core(TM) i5-5200U CPU @ 2.20GHz
stepping	: 4
microcode	: 0x24
cpu MHz		: 1279.394
cache size	: 3072 KB
physical id	: 0
siblings	: 4
core id		: 1
cpu cores	: 2
apicid		: 3
initial apicid	: 3
fpu		: yes
fpu_exception	: yes
cpuid level	: 20
wp		: yes
flags		: fpu vme de pse tsc msr pae mce cx8 apic sep mtrr pge mca cmov pat pse36 clflush dts acpi mmx fxsr sse sse2 ss ht tm pbe syscall nx pdpe1gb rdtscp lm constant_tsc arch_perfmon pebs bts rep_good nopl xtopology nonstop_tsc aperfmperf pni pclmulqdq dtes64 monitor ds_cpl vmx est tm2 ssse3 sdbg fma cx16 xtpr pdcm pcid sse4_1 sse4_2 x2apic movbe popcnt tsc_deadline_timer aes xsave avx f16c rdrand lahf_lm abm 3dnowprefetch epb intel_pt tpr_shadow vnmi flexpriority ept vpid fsgsbase tsc_adjust bmi1 avx2 smep bmi2 erms invpcid rdseed adx smap xsaveopt dtherm ida arat pln pts
bugs		:
bogomips	: 4389.58
clflush size	: 64
cache_alignment	: 64
address sizes	: 39 bits physical, 48 bits virtual
power management:



Memory: 4k page, physical 8093948k(105572k free), swap 0k(0k free)

vm_info: OpenJDK 64-Bit Server VM (25.152-b01) for linux-amd64 JRE (1.8.0_152-release-915-b01), built by "builder" with gcc 4.8.4

time: Sun Nov 19 12:08:40 2017
elapsed time: 463 seconds (0d 0h 7m 43s)

